2024-04-19 16:35:24,861 - root - INFO - [START TRAINING]
2024-04-19,16:35:24
==========================================================================================
2024-04-19 16:35:24,861 - root - INFO - {'ICSS_DIR': 'AIC', 'debug': False, 'output_dir': 'output_dir/SC/animals_100_0', 'mode': 'train', 'seed': 1, 'use_gpu': True, 'gpu_balanced': False, 'resume': False, 'ckpt_path': '', 'general_level': 0, 'imgset_name': 'animals_100_0', 'LAST_IMGSET_NAME': '', 'root_output_dir': 'output_dir/SC', 'total_iteration': 50, 'check_period': 1, 'save_best_output': True, 'save_ckpt': False, 'sample_num': 1000, 'optim': 'Adam', 'lr': 0.0001, 'momentum': 0.0, 'weight_decay': 0.0, 'extractor_name': 'ResNet50', 'pretrained': True, 'freeze_embedding': False, 'semantic_dim': 2048, 'ar_dim': 128, 'w_dim': 4, 'h_dim': 4, 'info_dim': 128, 'fusion_name': 'SelfAttention', 'fusion_plus_name': '', 'hidden_dim': 1024, 'da': 512, 'r': 2, 'HV_classifier_name': 'HV_FC', 'LR_classifier_name': 'LR_FC', 'NNP': 'Euclidean', 'W': 900, 'H': 600, 'reward_names': ['crop_ratio_reward', 'size_vanish_reward'], 'metric_names': ['crop_ratio', 'aspect_ratio_preservation', 'blankspace_ratio', 'overlap_ratio', 'saliency_awareness', 'correlation_preservation', 'size_vanish', 'aesthetics_awareness'], 'crop_weight': 1, 'aesthetics_weight': 0.05, 'gpu_ids': '0'}
2024-04-19 16:35:24,861 - root - INFO - loading data...
2024-04-19 16:35:25,062 - root - INFO - n01667778_698.jpg:torch.Size([1, 3, 300, 400])
2024-04-19 16:35:25,062 - root - INFO - n01667778_9327.jpg:torch.Size([1, 3, 267, 400])
2024-04-19 16:35:25,062 - root - INFO - n01667778_11203.jpg:torch.Size([1, 3, 300, 400])
2024-04-19 16:35:25,062 - root - INFO - n01667778_11564.jpg:torch.Size([1, 3, 286, 400])
2024-04-19 16:35:25,063 - root - INFO - n01667778_1354.jpg:torch.Size([1, 3, 308, 400])
2024-04-19 16:35:25,063 - root - INFO - n01667778_1755.jpg:torch.Size([1, 3, 285, 400])
2024-04-19 16:35:25,063 - root - INFO - n01667778_2324.jpg:torch.Size([1, 3, 291, 400])
2024-04-19 16:35:25,063 - root - INFO - n01667778_3049.jpg:torch.Size([1, 3, 287, 400])
2024-04-19 16:35:25,063 - root - INFO - n01667778_4208.jpg:torch.Size([1, 3, 268, 400])
2024-04-19 16:35:25,063 - root - INFO - n01944390_7933.jpg:torch.Size([1, 3, 300, 400])
2024-04-19 16:35:25,063 - root - INFO - n01944390_10448.jpg:torch.Size([1, 3, 267, 400])
2024-04-19 16:35:25,063 - root - INFO - n01944390_10825.jpg:torch.Size([1, 3, 400, 350])
2024-04-19 16:35:25,063 - root - INFO - n01944390_11561.jpg:torch.Size([1, 3, 400, 267])
2024-04-19 16:35:25,063 - root - INFO - n01944390_11831.jpg:torch.Size([1, 3, 310, 400])
2024-04-19 16:35:25,063 - root - INFO - n01944390_11899.jpg:torch.Size([1, 3, 267, 400])
2024-04-19 16:35:25,063 - root - INFO - n01944390_12124.jpg:torch.Size([1, 3, 400, 266])
2024-04-19 16:35:25,063 - root - INFO - n01944390_2025.jpg:torch.Size([1, 3, 300, 400])
2024-04-19 16:35:25,063 - root - INFO - n01944390_20373.jpg:torch.Size([1, 3, 300, 400])
2024-04-19 16:35:25,063 - root - INFO - n01944390_2063.jpg:torch.Size([1, 3, 300, 400])
2024-04-19 16:35:25,063 - root - INFO - n01944390_23606.jpg:torch.Size([1, 3, 267, 400])
2024-04-19 16:35:25,063 - root - INFO - n01944390_247.jpg:torch.Size([1, 3, 267, 400])
2024-04-19 16:35:25,063 - root - INFO - n01944390_2575.jpg:torch.Size([1, 3, 205, 400])
2024-04-19 16:35:25,064 - root - INFO - n01944390_4141.jpg:torch.Size([1, 3, 300, 400])
2024-04-19 16:35:25,064 - root - INFO - n01944390_482.jpg:torch.Size([1, 3, 303, 400])
2024-04-19 16:35:25,064 - root - INFO - n01944390_5294.jpg:torch.Size([1, 3, 291, 400])
2024-04-19 16:35:25,064 - root - INFO - n01944390_6942.jpg:torch.Size([1, 3, 301, 400])
2024-04-19 16:35:25,064 - root - INFO - n02398521_11492.jpg:torch.Size([1, 3, 268, 400])
2024-04-19 16:35:25,064 - root - INFO - n02398521_1597.jpg:torch.Size([1, 3, 300, 400])
2024-04-19 16:35:25,064 - root - INFO - n02398521_21050.jpg:torch.Size([1, 3, 267, 400])
2024-04-19 16:35:25,064 - root - INFO - n02398521_24663.jpg:torch.Size([1, 3, 390, 400])
2024-04-19 16:35:25,064 - root - INFO - n02398521_25644.jpg:torch.Size([1, 3, 267, 400])
2024-04-19 16:35:25,064 - root - INFO - n02398521_28727.jpg:torch.Size([1, 3, 300, 400])
2024-04-19 16:35:25,064 - root - INFO - n02398521_30451.jpg:torch.Size([1, 3, 300, 400])
2024-04-19 16:35:25,064 - root - INFO - n02398521_31039.jpg:torch.Size([1, 3, 300, 400])
2024-04-19 16:35:25,064 - root - INFO - n02398521_32115.jpg:torch.Size([1, 3, 267, 400])
2024-04-19 16:35:25,064 - root - INFO - n02398521_56502.jpg:torch.Size([1, 3, 267, 400])
2024-04-19 16:35:25,064 - root - INFO - n02398521_57223.jpg:torch.Size([1, 3, 268, 400])
2024-04-19 16:35:25,064 - root - INFO - n02398521_6453.jpg:torch.Size([1, 3, 300, 400])
2024-04-19 16:35:25,064 - root - INFO - n02398521_67406.jpg:torch.Size([1, 3, 267, 400])
2024-04-19 16:35:25,064 - root - INFO - n02398521_73284.jpg:torch.Size([1, 3, 400, 267])
2024-04-19 16:35:25,065 - root - INFO - n02398521_10187.jpg:torch.Size([1, 3, 267, 400])
2024-04-19 16:35:25,065 - root - INFO - n01641577_237.jpg:torch.Size([1, 3, 300, 400])
2024-04-19 16:35:25,065 - root - INFO - n01641577_3110.jpg:torch.Size([1, 3, 300, 400])
2024-04-19 16:35:25,065 - root - INFO - n01641577_5610.jpg:torch.Size([1, 3, 296, 400])
2024-04-19 16:35:25,065 - root - INFO - n01641577_6211.jpg:torch.Size([1, 3, 300, 400])
2024-04-19 16:35:25,065 - root - INFO - n01641577_7454.jpg:torch.Size([1, 3, 268, 400])
2024-04-19 16:35:25,065 - root - INFO - n01641577_756.jpg:torch.Size([1, 3, 300, 400])
2024-04-19 16:35:25,065 - root - INFO - n01641577_7699.jpg:torch.Size([1, 3, 400, 303])
2024-04-19 16:35:25,065 - root - INFO - n01641577_11587.jpg:torch.Size([1, 3, 300, 400])
2024-04-19 16:35:25,065 - root - INFO - n01641577_15628.jpg:torch.Size([1, 3, 267, 400])
2024-04-19 16:35:25,065 - root - INFO - n01641577_16074.jpg:torch.Size([1, 3, 300, 400])
2024-04-19 16:35:25,065 - root - INFO - n01641577_168.jpg:torch.Size([1, 3, 289, 400])
2024-04-19 16:35:25,065 - root - INFO - n01641577_16848.jpg:torch.Size([1, 3, 267, 400])
2024-04-19 16:35:25,065 - root - INFO - n02165456_3602.jpg:torch.Size([1, 3, 400, 400])
2024-04-19 16:35:25,065 - root - INFO - n02165456_3633.jpg:torch.Size([1, 3, 400, 312])
2024-04-19 16:35:25,065 - root - INFO - n02165456_3869.jpg:torch.Size([1, 3, 301, 400])
2024-04-19 16:35:25,065 - root - INFO - n02165456_42085.jpg:torch.Size([1, 3, 320, 400])
2024-04-19 16:35:25,065 - root - INFO - n02165456_441.jpg:torch.Size([1, 3, 266, 400])
2024-04-19 16:35:25,065 - root - INFO - n02165456_4506.jpg:torch.Size([1, 3, 225, 400])
2024-04-19 16:35:25,065 - root - INFO - n02165456_4770.jpg:torch.Size([1, 3, 400, 300])
2024-04-19 16:35:25,065 - root - INFO - n02165456_4922.jpg:torch.Size([1, 3, 268, 400])
2024-04-19 16:35:25,066 - root - INFO - n02165456_4961.jpg:torch.Size([1, 3, 300, 400])
2024-04-19 16:35:25,066 - root - INFO - n02165456_5120.jpg:torch.Size([1, 3, 300, 400])
2024-04-19 16:35:25,066 - root - INFO - n02165456_5340.jpg:torch.Size([1, 3, 300, 400])
2024-04-19 16:35:25,066 - root - INFO - n02165456_5399.jpg:torch.Size([1, 3, 300, 400])
2024-04-19 16:35:25,066 - root - INFO - n02165456_5574.jpg:torch.Size([1, 3, 308, 400])
2024-04-19 16:35:25,066 - root - INFO - n02165456_5732.jpg:torch.Size([1, 3, 300, 400])
2024-04-19 16:35:25,066 - root - INFO - n02165456_11220.jpg:torch.Size([1, 3, 267, 400])
2024-04-19 16:35:25,066 - root - INFO - n02165456_11619.jpg:torch.Size([1, 3, 284, 400])
2024-04-19 16:35:25,066 - root - INFO - n02165456_14272.jpg:torch.Size([1, 3, 267, 400])
2024-04-19 16:35:25,066 - root - INFO - n02165456_1603.jpg:torch.Size([1, 3, 400, 391])
2024-04-19 16:35:25,066 - root - INFO - n02165456_16199.jpg:torch.Size([1, 3, 300, 400])
2024-04-19 16:35:25,066 - root - INFO - n02165456_16339.jpg:torch.Size([1, 3, 300, 400])
2024-04-19 16:35:25,066 - root - INFO - n02165456_16746.jpg:torch.Size([1, 3, 400, 392])
2024-04-19 16:35:25,066 - root - INFO - n02165456_1720.jpg:torch.Size([1, 3, 268, 400])
2024-04-19 16:35:25,066 - root - INFO - n02165456_17922.jpg:torch.Size([1, 3, 331, 400])
2024-04-19 16:35:25,066 - root - INFO - n02165456_18280.jpg:torch.Size([1, 3, 268, 400])
2024-04-19 16:35:25,066 - root - INFO - n02165456_18706.jpg:torch.Size([1, 3, 300, 400])
2024-04-19 16:35:25,066 - root - INFO - n02165456_18978.jpg:torch.Size([1, 3, 267, 400])
2024-04-19 16:35:25,066 - root - INFO - n02165456_18991.jpg:torch.Size([1, 3, 300, 400])
2024-04-19 16:35:25,066 - root - INFO - n02165456_19728.jpg:torch.Size([1, 3, 300, 400])
2024-04-19 16:35:25,066 - root - INFO - n02165456_19822.jpg:torch.Size([1, 3, 248, 400])
2024-04-19 16:35:25,067 - root - INFO - n02165456_19990.jpg:torch.Size([1, 3, 301, 400])
2024-04-19 16:35:25,067 - root - INFO - n02165456_20335.jpg:torch.Size([1, 3, 267, 400])
2024-04-19 16:35:25,067 - root - INFO - n02165456_20619.jpg:torch.Size([1, 3, 295, 400])
2024-04-19 16:35:25,067 - root - INFO - n02165456_20706.jpg:torch.Size([1, 3, 400, 301])
2024-04-19 16:35:25,067 - root - INFO - n02165456_20996.jpg:torch.Size([1, 3, 400, 300])
2024-04-19 16:35:25,067 - root - INFO - n02165456_21312.jpg:torch.Size([1, 3, 280, 400])
2024-04-19 16:35:25,067 - root - INFO - n02165456_2342.jpg:torch.Size([1, 3, 267, 400])
2024-04-19 16:35:25,067 - root - INFO - n02165456_2378.jpg:torch.Size([1, 3, 400, 283])
2024-04-19 16:35:25,067 - root - INFO - n02165456_2456.jpg:torch.Size([1, 3, 268, 400])
2024-04-19 16:35:25,067 - root - INFO - n01531178_21267.jpg:torch.Size([1, 3, 267, 400])
2024-04-19 16:35:25,067 - root - INFO - n01531178_21482.jpg:torch.Size([1, 3, 267, 400])
2024-04-19 16:35:25,067 - root - INFO - n01531178_23889.jpg:torch.Size([1, 3, 267, 400])
2024-04-19 16:35:25,067 - root - INFO - n01531178_3231.jpg:torch.Size([1, 3, 400, 384])
2024-04-19 16:35:25,067 - root - INFO - n01531178_5469.jpg:torch.Size([1, 3, 276, 400])
2024-04-19 16:35:25,067 - root - INFO - n01531178_13924.jpg:torch.Size([1, 3, 300, 400])
2024-04-19 16:35:25,067 - root - INFO - n01531178_14959.jpg:torch.Size([1, 3, 300, 400])
2024-04-19 16:35:25,067 - root - INFO - n01531178_18952.jpg:torch.Size([1, 3, 267, 400])
2024-04-19 16:35:25,067 - root - INFO - n01531178_19945.jpg:torch.Size([1, 3, 300, 400])
2024-04-19 16:35:25,067 - root - INFO - Initialzing gpu...
2024-04-19 16:35:25,067 - root - INFO - Initialzing G...
2024-04-19 16:35:26,233 - root - INFO - Initialzing optimizer...
2024-04-19 16:35:26,236 - root - INFO - Initialzing loss and metrics...
2024-04-19 16:35:26,236 - root - INFO - start iteration...
2024-04-19 16:35:58,827 - root - INFO - 0-th iter - mean[-Reward(tree_i)log(P(tree_i;theta)),1<=i<=1000]=-491.2689514160156
2024-04-19 16:36:18,269 - root - INFO - better result is found:
2024-04-19 16:36:18,269 - root - INFO - {'metrics': {'crop_ratio': 0.29632525410476934, 'size_vanish': False, 'aspect_ratio_preservation': 1.4211111111111112, 'blankspace_ratio': 0.0, 'overlap_ratio': 0.0, 'saliency_awareness': 0.0, 'correlation_preservation': 0.30046033901553204, 'aesthetics_awareness': 1.096360670213242}, 'single_metric': 0.7036747458952306}
2024-04-19 16:40:14,228 - root - INFO - [START TRAINING]
2024-04-19,16:40:14
==========================================================================================
2024-04-19 16:40:14,228 - root - INFO - {'ICSS_DIR': 'AIC', 'debug': False, 'output_dir': 'output_dir/SC/animals_100_0', 'mode': 'train', 'seed': 1, 'use_gpu': True, 'gpu_balanced': False, 'resume': False, 'ckpt_path': '', 'general_level': 0, 'imgset_name': 'animals_100_0', 'LAST_IMGSET_NAME': '', 'root_output_dir': 'output_dir/SC', 'total_iteration': 50, 'check_period': 1, 'save_best_output': True, 'save_ckpt': False, 'sample_num': 1000, 'optim': 'Adam', 'lr': 0.0001, 'momentum': 0.0, 'weight_decay': 0.0, 'extractor_name': 'ResNet50', 'pretrained': True, 'freeze_embedding': False, 'semantic_dim': 2048, 'ar_dim': 128, 'w_dim': 4, 'h_dim': 4, 'info_dim': 128, 'fusion_name': 'SelfAttention', 'fusion_plus_name': '', 'hidden_dim': 1024, 'da': 512, 'r': 2, 'HV_classifier_name': 'HV_FC', 'LR_classifier_name': 'LR_FC', 'NNP': 'Euclidean', 'W': 900, 'H': 600, 'reward_names': ['crop_ratio_reward', 'size_vanish_reward'], 'metric_names': ['crop_ratio', 'aspect_ratio_preservation', 'blankspace_ratio', 'overlap_ratio', 'saliency_awareness', 'correlation_preservation', 'size_vanish', 'aesthetics_awareness'], 'crop_weight': 1, 'aesthetics_weight': 0.05, 'gpu_ids': '0'}
2024-04-19 16:40:14,228 - root - INFO - loading data...
2024-04-19 16:40:14,460 - root - INFO - n01667778_698.jpg:torch.Size([1, 3, 300, 400])
2024-04-19 16:40:14,460 - root - INFO - n01667778_9327.jpg:torch.Size([1, 3, 267, 400])
2024-04-19 16:40:14,461 - root - INFO - n01667778_11203.jpg:torch.Size([1, 3, 300, 400])
2024-04-19 16:40:14,461 - root - INFO - n01667778_11564.jpg:torch.Size([1, 3, 286, 400])
2024-04-19 16:40:14,461 - root - INFO - n01667778_1354.jpg:torch.Size([1, 3, 308, 400])
2024-04-19 16:40:14,461 - root - INFO - n01667778_1755.jpg:torch.Size([1, 3, 285, 400])
2024-04-19 16:40:14,461 - root - INFO - n01667778_2324.jpg:torch.Size([1, 3, 291, 400])
2024-04-19 16:40:14,461 - root - INFO - n01667778_3049.jpg:torch.Size([1, 3, 287, 400])
2024-04-19 16:40:14,461 - root - INFO - n01667778_4208.jpg:torch.Size([1, 3, 268, 400])
2024-04-19 16:40:14,461 - root - INFO - n01944390_7933.jpg:torch.Size([1, 3, 300, 400])
2024-04-19 16:40:14,461 - root - INFO - n01944390_10448.jpg:torch.Size([1, 3, 267, 400])
2024-04-19 16:40:14,461 - root - INFO - n01944390_10825.jpg:torch.Size([1, 3, 400, 350])
2024-04-19 16:40:14,462 - root - INFO - n01944390_11561.jpg:torch.Size([1, 3, 400, 267])
2024-04-19 16:40:14,462 - root - INFO - n01944390_11831.jpg:torch.Size([1, 3, 310, 400])
2024-04-19 16:40:14,462 - root - INFO - n01944390_11899.jpg:torch.Size([1, 3, 267, 400])
2024-04-19 16:40:14,462 - root - INFO - n01944390_12124.jpg:torch.Size([1, 3, 400, 266])
2024-04-19 16:40:14,462 - root - INFO - n01944390_2025.jpg:torch.Size([1, 3, 300, 400])
2024-04-19 16:40:14,462 - root - INFO - n01944390_20373.jpg:torch.Size([1, 3, 300, 400])
2024-04-19 16:40:14,462 - root - INFO - n01944390_2063.jpg:torch.Size([1, 3, 300, 400])
2024-04-19 16:40:14,462 - root - INFO - n01944390_23606.jpg:torch.Size([1, 3, 267, 400])
2024-04-19 16:40:14,462 - root - INFO - n01944390_247.jpg:torch.Size([1, 3, 267, 400])
2024-04-19 16:40:14,462 - root - INFO - n01944390_2575.jpg:torch.Size([1, 3, 205, 400])
2024-04-19 16:40:14,462 - root - INFO - n01944390_4141.jpg:torch.Size([1, 3, 300, 400])
2024-04-19 16:40:14,462 - root - INFO - n01944390_482.jpg:torch.Size([1, 3, 303, 400])
2024-04-19 16:40:14,462 - root - INFO - n01944390_5294.jpg:torch.Size([1, 3, 291, 400])
2024-04-19 16:40:14,462 - root - INFO - n01944390_6942.jpg:torch.Size([1, 3, 301, 400])
2024-04-19 16:40:14,462 - root - INFO - n02398521_11492.jpg:torch.Size([1, 3, 268, 400])
2024-04-19 16:40:14,462 - root - INFO - n02398521_1597.jpg:torch.Size([1, 3, 300, 400])
2024-04-19 16:40:14,462 - root - INFO - n02398521_21050.jpg:torch.Size([1, 3, 267, 400])
2024-04-19 16:40:14,463 - root - INFO - n02398521_24663.jpg:torch.Size([1, 3, 390, 400])
2024-04-19 16:40:14,463 - root - INFO - n02398521_25644.jpg:torch.Size([1, 3, 267, 400])
2024-04-19 16:40:14,463 - root - INFO - n02398521_28727.jpg:torch.Size([1, 3, 300, 400])
2024-04-19 16:40:14,463 - root - INFO - n02398521_30451.jpg:torch.Size([1, 3, 300, 400])
2024-04-19 16:40:14,463 - root - INFO - n02398521_31039.jpg:torch.Size([1, 3, 300, 400])
2024-04-19 16:40:14,463 - root - INFO - n02398521_32115.jpg:torch.Size([1, 3, 267, 400])
2024-04-19 16:40:14,463 - root - INFO - n02398521_56502.jpg:torch.Size([1, 3, 267, 400])
2024-04-19 16:40:14,463 - root - INFO - n02398521_57223.jpg:torch.Size([1, 3, 268, 400])
2024-04-19 16:40:14,463 - root - INFO - n02398521_6453.jpg:torch.Size([1, 3, 300, 400])
2024-04-19 16:40:14,463 - root - INFO - n02398521_67406.jpg:torch.Size([1, 3, 267, 400])
2024-04-19 16:40:14,463 - root - INFO - n02398521_73284.jpg:torch.Size([1, 3, 400, 267])
2024-04-19 16:40:14,463 - root - INFO - n02398521_10187.jpg:torch.Size([1, 3, 267, 400])
2024-04-19 16:40:14,463 - root - INFO - n01641577_237.jpg:torch.Size([1, 3, 300, 400])
2024-04-19 16:40:14,463 - root - INFO - n01641577_3110.jpg:torch.Size([1, 3, 300, 400])
2024-04-19 16:40:14,463 - root - INFO - n01641577_5610.jpg:torch.Size([1, 3, 296, 400])
2024-04-19 16:40:14,463 - root - INFO - n01641577_6211.jpg:torch.Size([1, 3, 300, 400])
2024-04-19 16:40:14,463 - root - INFO - n01641577_7454.jpg:torch.Size([1, 3, 268, 400])
2024-04-19 16:40:14,463 - root - INFO - n01641577_756.jpg:torch.Size([1, 3, 300, 400])
2024-04-19 16:40:14,463 - root - INFO - n01641577_7699.jpg:torch.Size([1, 3, 400, 303])
2024-04-19 16:40:14,463 - root - INFO - n01641577_11587.jpg:torch.Size([1, 3, 300, 400])
2024-04-19 16:40:14,463 - root - INFO - n01641577_15628.jpg:torch.Size([1, 3, 267, 400])
2024-04-19 16:40:14,463 - root - INFO - n01641577_16074.jpg:torch.Size([1, 3, 300, 400])
2024-04-19 16:40:14,463 - root - INFO - n01641577_168.jpg:torch.Size([1, 3, 289, 400])
2024-04-19 16:40:14,464 - root - INFO - n01641577_16848.jpg:torch.Size([1, 3, 267, 400])
2024-04-19 16:40:14,464 - root - INFO - n02165456_3602.jpg:torch.Size([1, 3, 400, 400])
2024-04-19 16:40:14,464 - root - INFO - n02165456_3633.jpg:torch.Size([1, 3, 400, 312])
2024-04-19 16:40:14,464 - root - INFO - n02165456_3869.jpg:torch.Size([1, 3, 301, 400])
2024-04-19 16:40:14,464 - root - INFO - n02165456_42085.jpg:torch.Size([1, 3, 320, 400])
2024-04-19 16:40:14,464 - root - INFO - n02165456_441.jpg:torch.Size([1, 3, 266, 400])
2024-04-19 16:40:14,464 - root - INFO - n02165456_4506.jpg:torch.Size([1, 3, 225, 400])
2024-04-19 16:40:14,464 - root - INFO - n02165456_4770.jpg:torch.Size([1, 3, 400, 300])
2024-04-19 16:40:14,464 - root - INFO - n02165456_4922.jpg:torch.Size([1, 3, 268, 400])
2024-04-19 16:40:14,464 - root - INFO - n02165456_4961.jpg:torch.Size([1, 3, 300, 400])
2024-04-19 16:40:14,464 - root - INFO - n02165456_5120.jpg:torch.Size([1, 3, 300, 400])
2024-04-19 16:40:14,464 - root - INFO - n02165456_5340.jpg:torch.Size([1, 3, 300, 400])
2024-04-19 16:40:14,464 - root - INFO - n02165456_5399.jpg:torch.Size([1, 3, 300, 400])
2024-04-19 16:40:14,464 - root - INFO - n02165456_5574.jpg:torch.Size([1, 3, 308, 400])
2024-04-19 16:40:14,464 - root - INFO - n02165456_5732.jpg:torch.Size([1, 3, 300, 400])
2024-04-19 16:40:14,464 - root - INFO - n02165456_11220.jpg:torch.Size([1, 3, 267, 400])
2024-04-19 16:40:14,464 - root - INFO - n02165456_11619.jpg:torch.Size([1, 3, 284, 400])
2024-04-19 16:40:14,464 - root - INFO - n02165456_14272.jpg:torch.Size([1, 3, 267, 400])
2024-04-19 16:40:14,464 - root - INFO - n02165456_1603.jpg:torch.Size([1, 3, 400, 391])
2024-04-19 16:40:14,464 - root - INFO - n02165456_16199.jpg:torch.Size([1, 3, 300, 400])
2024-04-19 16:40:14,464 - root - INFO - n02165456_16339.jpg:torch.Size([1, 3, 300, 400])
2024-04-19 16:40:14,464 - root - INFO - n02165456_16746.jpg:torch.Size([1, 3, 400, 392])
2024-04-19 16:40:14,465 - root - INFO - n02165456_1720.jpg:torch.Size([1, 3, 268, 400])
2024-04-19 16:40:14,465 - root - INFO - n02165456_17922.jpg:torch.Size([1, 3, 331, 400])
2024-04-19 16:40:14,465 - root - INFO - n02165456_18280.jpg:torch.Size([1, 3, 268, 400])
2024-04-19 16:40:14,465 - root - INFO - n02165456_18706.jpg:torch.Size([1, 3, 300, 400])
2024-04-19 16:40:14,465 - root - INFO - n02165456_18978.jpg:torch.Size([1, 3, 267, 400])
2024-04-19 16:40:14,465 - root - INFO - n02165456_18991.jpg:torch.Size([1, 3, 300, 400])
2024-04-19 16:40:14,465 - root - INFO - n02165456_19728.jpg:torch.Size([1, 3, 300, 400])
2024-04-19 16:40:14,465 - root - INFO - n02165456_19822.jpg:torch.Size([1, 3, 248, 400])
2024-04-19 16:40:14,465 - root - INFO - n02165456_19990.jpg:torch.Size([1, 3, 301, 400])
2024-04-19 16:40:14,465 - root - INFO - n02165456_20335.jpg:torch.Size([1, 3, 267, 400])
2024-04-19 16:40:14,465 - root - INFO - n02165456_20619.jpg:torch.Size([1, 3, 295, 400])
2024-04-19 16:40:14,465 - root - INFO - n02165456_20706.jpg:torch.Size([1, 3, 400, 301])
2024-04-19 16:40:14,465 - root - INFO - n02165456_20996.jpg:torch.Size([1, 3, 400, 300])
2024-04-19 16:40:14,465 - root - INFO - n02165456_21312.jpg:torch.Size([1, 3, 280, 400])
2024-04-19 16:40:14,465 - root - INFO - n02165456_2342.jpg:torch.Size([1, 3, 267, 400])
2024-04-19 16:40:14,465 - root - INFO - n02165456_2378.jpg:torch.Size([1, 3, 400, 283])
2024-04-19 16:40:14,465 - root - INFO - n02165456_2456.jpg:torch.Size([1, 3, 268, 400])
2024-04-19 16:40:14,465 - root - INFO - n01531178_21267.jpg:torch.Size([1, 3, 267, 400])
2024-04-19 16:40:14,465 - root - INFO - n01531178_21482.jpg:torch.Size([1, 3, 267, 400])
2024-04-19 16:40:14,465 - root - INFO - n01531178_23889.jpg:torch.Size([1, 3, 267, 400])
2024-04-19 16:40:14,465 - root - INFO - n01531178_3231.jpg:torch.Size([1, 3, 400, 384])
2024-04-19 16:40:14,465 - root - INFO - n01531178_5469.jpg:torch.Size([1, 3, 276, 400])
2024-04-19 16:40:14,465 - root - INFO - n01531178_13924.jpg:torch.Size([1, 3, 300, 400])
2024-04-19 16:40:14,466 - root - INFO - n01531178_14959.jpg:torch.Size([1, 3, 300, 400])
2024-04-19 16:40:14,466 - root - INFO - n01531178_18952.jpg:torch.Size([1, 3, 267, 400])
2024-04-19 16:40:14,466 - root - INFO - n01531178_19945.jpg:torch.Size([1, 3, 300, 400])
2024-04-19 16:40:14,466 - root - INFO - Initialzing gpu...
2024-04-19 16:40:14,466 - root - INFO - Initialzing G...
2024-04-19 16:49:36,109 - root - INFO - [START TRAINING]
2024-04-19,16:49:36
==========================================================================================
2024-04-19 16:49:36,110 - root - INFO - {'ICSS_DIR': 'AIC', 'debug': False, 'output_dir': 'output_dir/SC/animals_100_0', 'mode': 'train', 'seed': 1, 'use_gpu': True, 'gpu_balanced': False, 'resume': False, 'ckpt_path': '', 'general_level': 0, 'imgset_name': 'animals_100_0', 'LAST_IMGSET_NAME': '', 'root_output_dir': 'output_dir/SC', 'total_iteration': 50, 'check_period': 1, 'save_best_output': True, 'save_ckpt': False, 'sample_num': 1000, 'optim': 'Adam', 'lr': 0.0001, 'momentum': 0.0, 'weight_decay': 0.0, 'extractor_name': 'ResNet50', 'pretrained': True, 'freeze_embedding': False, 'semantic_dim': 2048, 'ar_dim': 128, 'w_dim': 4, 'h_dim': 4, 'info_dim': 128, 'fusion_name': 'SelfAttention', 'fusion_plus_name': '', 'hidden_dim': 1024, 'da': 512, 'r': 2, 'HV_classifier_name': 'HV_FC', 'LR_classifier_name': 'LR_FC', 'NNP': 'Euclidean', 'W': 900, 'H': 600, 'reward_names': ['crop_ratio_reward', 'size_vanish_reward'], 'metric_names': ['crop_ratio', 'aspect_ratio_preservation', 'blankspace_ratio', 'overlap_ratio', 'saliency_awareness', 'correlation_preservation', 'size_vanish', 'aesthetics_awareness'], 'crop_weight': 1, 'aesthetics_weight': 0.05, 'gpu_ids': '0'}
2024-04-19 16:49:36,110 - root - INFO - loading data...
2024-04-19 16:49:36,348 - root - INFO - n01667778_698.jpg:torch.Size([1, 3, 300, 400])
2024-04-19 16:49:36,348 - root - INFO - n01667778_9327.jpg:torch.Size([1, 3, 267, 400])
2024-04-19 16:49:36,348 - root - INFO - n01667778_11203.jpg:torch.Size([1, 3, 300, 400])
2024-04-19 16:49:36,348 - root - INFO - n01667778_11564.jpg:torch.Size([1, 3, 286, 400])
2024-04-19 16:49:36,348 - root - INFO - n01667778_1354.jpg:torch.Size([1, 3, 308, 400])
2024-04-19 16:49:36,348 - root - INFO - n01667778_1755.jpg:torch.Size([1, 3, 285, 400])
2024-04-19 16:49:36,348 - root - INFO - n01667778_2324.jpg:torch.Size([1, 3, 291, 400])
2024-04-19 16:49:36,349 - root - INFO - n01667778_3049.jpg:torch.Size([1, 3, 287, 400])
2024-04-19 16:49:36,349 - root - INFO - n01667778_4208.jpg:torch.Size([1, 3, 268, 400])
2024-04-19 16:49:36,349 - root - INFO - n01944390_7933.jpg:torch.Size([1, 3, 300, 400])
2024-04-19 16:49:36,349 - root - INFO - n01944390_10448.jpg:torch.Size([1, 3, 267, 400])
2024-04-19 16:49:36,349 - root - INFO - n01944390_10825.jpg:torch.Size([1, 3, 400, 350])
2024-04-19 16:49:36,349 - root - INFO - n01944390_11561.jpg:torch.Size([1, 3, 400, 267])
2024-04-19 16:49:36,349 - root - INFO - n01944390_11831.jpg:torch.Size([1, 3, 310, 400])
2024-04-19 16:49:36,349 - root - INFO - n01944390_11899.jpg:torch.Size([1, 3, 267, 400])
2024-04-19 16:49:36,349 - root - INFO - n01944390_12124.jpg:torch.Size([1, 3, 400, 266])
2024-04-19 16:49:36,349 - root - INFO - n01944390_2025.jpg:torch.Size([1, 3, 300, 400])
2024-04-19 16:49:36,349 - root - INFO - n01944390_20373.jpg:torch.Size([1, 3, 300, 400])
2024-04-19 16:49:36,349 - root - INFO - n01944390_2063.jpg:torch.Size([1, 3, 300, 400])
2024-04-19 16:49:36,349 - root - INFO - n01944390_23606.jpg:torch.Size([1, 3, 267, 400])
2024-04-19 16:49:36,350 - root - INFO - n01944390_247.jpg:torch.Size([1, 3, 267, 400])
2024-04-19 16:49:36,350 - root - INFO - n01944390_2575.jpg:torch.Size([1, 3, 205, 400])
2024-04-19 16:49:36,350 - root - INFO - n01944390_4141.jpg:torch.Size([1, 3, 300, 400])
2024-04-19 16:49:36,350 - root - INFO - n01944390_482.jpg:torch.Size([1, 3, 303, 400])
2024-04-19 16:49:36,350 - root - INFO - n01944390_5294.jpg:torch.Size([1, 3, 291, 400])
2024-04-19 16:49:36,350 - root - INFO - n01944390_6942.jpg:torch.Size([1, 3, 301, 400])
2024-04-19 16:49:36,350 - root - INFO - n02398521_11492.jpg:torch.Size([1, 3, 268, 400])
2024-04-19 16:49:36,350 - root - INFO - n02398521_1597.jpg:torch.Size([1, 3, 300, 400])
2024-04-19 16:49:36,350 - root - INFO - n02398521_21050.jpg:torch.Size([1, 3, 267, 400])
2024-04-19 16:49:36,350 - root - INFO - n02398521_24663.jpg:torch.Size([1, 3, 390, 400])
2024-04-19 16:49:36,350 - root - INFO - n02398521_25644.jpg:torch.Size([1, 3, 267, 400])
2024-04-19 16:49:36,350 - root - INFO - n02398521_28727.jpg:torch.Size([1, 3, 300, 400])
2024-04-19 16:49:36,350 - root - INFO - n02398521_30451.jpg:torch.Size([1, 3, 300, 400])
2024-04-19 16:49:36,350 - root - INFO - n02398521_31039.jpg:torch.Size([1, 3, 300, 400])
2024-04-19 16:49:36,350 - root - INFO - n02398521_32115.jpg:torch.Size([1, 3, 267, 400])
2024-04-19 16:49:36,350 - root - INFO - n02398521_56502.jpg:torch.Size([1, 3, 267, 400])
2024-04-19 16:49:36,350 - root - INFO - n02398521_57223.jpg:torch.Size([1, 3, 268, 400])
2024-04-19 16:49:36,350 - root - INFO - n02398521_6453.jpg:torch.Size([1, 3, 300, 400])
2024-04-19 16:49:36,350 - root - INFO - n02398521_67406.jpg:torch.Size([1, 3, 267, 400])
2024-04-19 16:49:36,351 - root - INFO - n02398521_73284.jpg:torch.Size([1, 3, 400, 267])
2024-04-19 16:49:36,351 - root - INFO - n02398521_10187.jpg:torch.Size([1, 3, 267, 400])
2024-04-19 16:49:36,351 - root - INFO - n01641577_237.jpg:torch.Size([1, 3, 300, 400])
2024-04-19 16:49:36,351 - root - INFO - n01641577_3110.jpg:torch.Size([1, 3, 300, 400])
2024-04-19 16:49:36,351 - root - INFO - n01641577_5610.jpg:torch.Size([1, 3, 296, 400])
2024-04-19 16:49:36,351 - root - INFO - n01641577_6211.jpg:torch.Size([1, 3, 300, 400])
2024-04-19 16:49:36,351 - root - INFO - n01641577_7454.jpg:torch.Size([1, 3, 268, 400])
2024-04-19 16:49:36,351 - root - INFO - n01641577_756.jpg:torch.Size([1, 3, 300, 400])
2024-04-19 16:49:36,351 - root - INFO - n01641577_7699.jpg:torch.Size([1, 3, 400, 303])
2024-04-19 16:49:36,351 - root - INFO - n01641577_11587.jpg:torch.Size([1, 3, 300, 400])
2024-04-19 16:49:36,351 - root - INFO - n01641577_15628.jpg:torch.Size([1, 3, 267, 400])
2024-04-19 16:49:36,351 - root - INFO - n01641577_16074.jpg:torch.Size([1, 3, 300, 400])
2024-04-19 16:49:36,351 - root - INFO - n01641577_168.jpg:torch.Size([1, 3, 289, 400])
2024-04-19 16:49:36,351 - root - INFO - n01641577_16848.jpg:torch.Size([1, 3, 267, 400])
2024-04-19 16:49:36,351 - root - INFO - n02165456_3602.jpg:torch.Size([1, 3, 400, 400])
2024-04-19 16:49:36,351 - root - INFO - n02165456_3633.jpg:torch.Size([1, 3, 400, 312])
2024-04-19 16:49:36,351 - root - INFO - n02165456_3869.jpg:torch.Size([1, 3, 301, 400])
2024-04-19 16:49:36,351 - root - INFO - n02165456_42085.jpg:torch.Size([1, 3, 320, 400])
2024-04-19 16:49:36,351 - root - INFO - n02165456_441.jpg:torch.Size([1, 3, 266, 400])
2024-04-19 16:49:36,351 - root - INFO - n02165456_4506.jpg:torch.Size([1, 3, 225, 400])
2024-04-19 16:49:36,351 - root - INFO - n02165456_4770.jpg:torch.Size([1, 3, 400, 300])
2024-04-19 16:49:36,351 - root - INFO - n02165456_4922.jpg:torch.Size([1, 3, 268, 400])
2024-04-19 16:49:36,351 - root - INFO - n02165456_4961.jpg:torch.Size([1, 3, 300, 400])
2024-04-19 16:49:36,352 - root - INFO - n02165456_5120.jpg:torch.Size([1, 3, 300, 400])
2024-04-19 16:49:36,352 - root - INFO - n02165456_5340.jpg:torch.Size([1, 3, 300, 400])
2024-04-19 16:49:36,352 - root - INFO - n02165456_5399.jpg:torch.Size([1, 3, 300, 400])
2024-04-19 16:49:36,352 - root - INFO - n02165456_5574.jpg:torch.Size([1, 3, 308, 400])
2024-04-19 16:49:36,352 - root - INFO - n02165456_5732.jpg:torch.Size([1, 3, 300, 400])
2024-04-19 16:49:36,352 - root - INFO - n02165456_11220.jpg:torch.Size([1, 3, 267, 400])
2024-04-19 16:49:36,352 - root - INFO - n02165456_11619.jpg:torch.Size([1, 3, 284, 400])
2024-04-19 16:49:36,352 - root - INFO - n02165456_14272.jpg:torch.Size([1, 3, 267, 400])
2024-04-19 16:49:36,352 - root - INFO - n02165456_1603.jpg:torch.Size([1, 3, 400, 391])
2024-04-19 16:49:36,352 - root - INFO - n02165456_16199.jpg:torch.Size([1, 3, 300, 400])
2024-04-19 16:49:36,352 - root - INFO - n02165456_16339.jpg:torch.Size([1, 3, 300, 400])
2024-04-19 16:49:36,352 - root - INFO - n02165456_16746.jpg:torch.Size([1, 3, 400, 392])
2024-04-19 16:49:36,352 - root - INFO - n02165456_1720.jpg:torch.Size([1, 3, 268, 400])
2024-04-19 16:49:36,352 - root - INFO - n02165456_17922.jpg:torch.Size([1, 3, 331, 400])
2024-04-19 16:49:36,352 - root - INFO - n02165456_18280.jpg:torch.Size([1, 3, 268, 400])
2024-04-19 16:49:36,352 - root - INFO - n02165456_18706.jpg:torch.Size([1, 3, 300, 400])
2024-04-19 16:49:36,352 - root - INFO - n02165456_18978.jpg:torch.Size([1, 3, 267, 400])
2024-04-19 16:49:36,352 - root - INFO - n02165456_18991.jpg:torch.Size([1, 3, 300, 400])
2024-04-19 16:49:36,352 - root - INFO - n02165456_19728.jpg:torch.Size([1, 3, 300, 400])
2024-04-19 16:49:36,352 - root - INFO - n02165456_19822.jpg:torch.Size([1, 3, 248, 400])
2024-04-19 16:49:36,353 - root - INFO - n02165456_19990.jpg:torch.Size([1, 3, 301, 400])
2024-04-19 16:49:36,353 - root - INFO - n02165456_20335.jpg:torch.Size([1, 3, 267, 400])
2024-04-19 16:49:36,353 - root - INFO - n02165456_20619.jpg:torch.Size([1, 3, 295, 400])
2024-04-19 16:49:36,353 - root - INFO - n02165456_20706.jpg:torch.Size([1, 3, 400, 301])
2024-04-19 16:49:36,353 - root - INFO - n02165456_20996.jpg:torch.Size([1, 3, 400, 300])
2024-04-19 16:49:36,353 - root - INFO - n02165456_21312.jpg:torch.Size([1, 3, 280, 400])
2024-04-19 16:49:36,353 - root - INFO - n02165456_2342.jpg:torch.Size([1, 3, 267, 400])
2024-04-19 16:49:36,353 - root - INFO - n02165456_2378.jpg:torch.Size([1, 3, 400, 283])
2024-04-19 16:49:36,353 - root - INFO - n02165456_2456.jpg:torch.Size([1, 3, 268, 400])
2024-04-19 16:49:36,353 - root - INFO - n01531178_21267.jpg:torch.Size([1, 3, 267, 400])
2024-04-19 16:49:36,353 - root - INFO - n01531178_21482.jpg:torch.Size([1, 3, 267, 400])
2024-04-19 16:49:36,353 - root - INFO - n01531178_23889.jpg:torch.Size([1, 3, 267, 400])
2024-04-19 16:49:36,353 - root - INFO - n01531178_3231.jpg:torch.Size([1, 3, 400, 384])
2024-04-19 16:49:36,353 - root - INFO - n01531178_5469.jpg:torch.Size([1, 3, 276, 400])
2024-04-19 16:49:36,353 - root - INFO - n01531178_13924.jpg:torch.Size([1, 3, 300, 400])
2024-04-19 16:49:36,353 - root - INFO - n01531178_14959.jpg:torch.Size([1, 3, 300, 400])
2024-04-19 16:49:36,353 - root - INFO - n01531178_18952.jpg:torch.Size([1, 3, 267, 400])
2024-04-19 16:49:36,353 - root - INFO - n01531178_19945.jpg:torch.Size([1, 3, 300, 400])
2024-04-19 16:49:36,353 - root - INFO - Initialzing gpu...
2024-04-19 16:49:36,353 - root - INFO - Initialzing G...
2024-04-19 16:50:55,874 - root - INFO - [START TRAINING]
2024-04-19,16:50:55
==========================================================================================
2024-04-19 16:50:55,875 - root - INFO - {'ICSS_DIR': 'AIC', 'debug': False, 'output_dir': 'output_dir/SC/animals_100_0', 'mode': 'train', 'seed': 1, 'use_gpu': True, 'gpu_balanced': False, 'resume': False, 'ckpt_path': '', 'general_level': 0, 'imgset_name': 'animals_100_0', 'LAST_IMGSET_NAME': '', 'root_output_dir': 'output_dir/SC', 'total_iteration': 50, 'check_period': 1, 'save_best_output': True, 'save_ckpt': False, 'sample_num': 1000, 'optim': 'Adam', 'lr': 0.0001, 'momentum': 0.0, 'weight_decay': 0.0, 'extractor_name': 'ResNet50', 'pretrained': True, 'freeze_embedding': False, 'semantic_dim': 2048, 'ar_dim': 128, 'w_dim': 4, 'h_dim': 4, 'info_dim': 128, 'fusion_name': 'SelfAttention', 'fusion_plus_name': '', 'hidden_dim': 1024, 'da': 512, 'r': 2, 'HV_classifier_name': 'HV_FC', 'LR_classifier_name': 'LR_FC', 'NNP': 'Euclidean', 'W': 900, 'H': 600, 'reward_names': ['crop_ratio_reward', 'size_vanish_reward'], 'metric_names': ['crop_ratio', 'aspect_ratio_preservation', 'blankspace_ratio', 'overlap_ratio', 'saliency_awareness', 'correlation_preservation', 'size_vanish', 'aesthetics_awareness'], 'crop_weight': 1, 'aesthetics_weight': 0.05, 'gpu_ids': '0'}
2024-04-19 16:50:55,875 - root - INFO - loading data...
2024-04-19 16:50:56,123 - root - INFO - n01667778_698.jpg:torch.Size([1, 3, 300, 400])
2024-04-19 16:50:56,123 - root - INFO - n01667778_9327.jpg:torch.Size([1, 3, 267, 400])
2024-04-19 16:50:56,123 - root - INFO - n01667778_11203.jpg:torch.Size([1, 3, 300, 400])
2024-04-19 16:50:56,123 - root - INFO - n01667778_11564.jpg:torch.Size([1, 3, 286, 400])
2024-04-19 16:50:56,124 - root - INFO - n01667778_1354.jpg:torch.Size([1, 3, 308, 400])
2024-04-19 16:50:56,124 - root - INFO - n01667778_1755.jpg:torch.Size([1, 3, 285, 400])
2024-04-19 16:50:56,124 - root - INFO - n01667778_2324.jpg:torch.Size([1, 3, 291, 400])
2024-04-19 16:50:56,124 - root - INFO - n01667778_3049.jpg:torch.Size([1, 3, 287, 400])
2024-04-19 16:50:56,124 - root - INFO - n01667778_4208.jpg:torch.Size([1, 3, 268, 400])
2024-04-19 16:50:56,124 - root - INFO - n01944390_7933.jpg:torch.Size([1, 3, 300, 400])
2024-04-19 16:50:56,124 - root - INFO - n01944390_10448.jpg:torch.Size([1, 3, 267, 400])
2024-04-19 16:50:56,124 - root - INFO - n01944390_10825.jpg:torch.Size([1, 3, 400, 350])
2024-04-19 16:50:56,124 - root - INFO - n01944390_11561.jpg:torch.Size([1, 3, 400, 267])
2024-04-19 16:50:56,124 - root - INFO - n01944390_11831.jpg:torch.Size([1, 3, 310, 400])
2024-04-19 16:50:56,124 - root - INFO - n01944390_11899.jpg:torch.Size([1, 3, 267, 400])
2024-04-19 16:50:56,124 - root - INFO - n01944390_12124.jpg:torch.Size([1, 3, 400, 266])
2024-04-19 16:50:56,125 - root - INFO - n01944390_2025.jpg:torch.Size([1, 3, 300, 400])
2024-04-19 16:50:56,125 - root - INFO - n01944390_20373.jpg:torch.Size([1, 3, 300, 400])
2024-04-19 16:50:56,125 - root - INFO - n01944390_2063.jpg:torch.Size([1, 3, 300, 400])
2024-04-19 16:50:56,125 - root - INFO - n01944390_23606.jpg:torch.Size([1, 3, 267, 400])
2024-04-19 16:50:56,125 - root - INFO - n01944390_247.jpg:torch.Size([1, 3, 267, 400])
2024-04-19 16:50:56,125 - root - INFO - n01944390_2575.jpg:torch.Size([1, 3, 205, 400])
2024-04-19 16:50:56,125 - root - INFO - n01944390_4141.jpg:torch.Size([1, 3, 300, 400])
2024-04-19 16:50:56,125 - root - INFO - n01944390_482.jpg:torch.Size([1, 3, 303, 400])
2024-04-19 16:50:56,125 - root - INFO - n01944390_5294.jpg:torch.Size([1, 3, 291, 400])
2024-04-19 16:50:56,125 - root - INFO - n01944390_6942.jpg:torch.Size([1, 3, 301, 400])
2024-04-19 16:50:56,125 - root - INFO - n02398521_11492.jpg:torch.Size([1, 3, 268, 400])
2024-04-19 16:50:56,125 - root - INFO - n02398521_1597.jpg:torch.Size([1, 3, 300, 400])
2024-04-19 16:50:56,125 - root - INFO - n02398521_21050.jpg:torch.Size([1, 3, 267, 400])
2024-04-19 16:50:56,125 - root - INFO - n02398521_24663.jpg:torch.Size([1, 3, 390, 400])
2024-04-19 16:50:56,125 - root - INFO - n02398521_25644.jpg:torch.Size([1, 3, 267, 400])
2024-04-19 16:50:56,125 - root - INFO - n02398521_28727.jpg:torch.Size([1, 3, 300, 400])
2024-04-19 16:50:56,125 - root - INFO - n02398521_30451.jpg:torch.Size([1, 3, 300, 400])
2024-04-19 16:50:56,125 - root - INFO - n02398521_31039.jpg:torch.Size([1, 3, 300, 400])
2024-04-19 16:50:56,126 - root - INFO - n02398521_32115.jpg:torch.Size([1, 3, 267, 400])
2024-04-19 16:50:56,126 - root - INFO - n02398521_56502.jpg:torch.Size([1, 3, 267, 400])
2024-04-19 16:50:56,126 - root - INFO - n02398521_57223.jpg:torch.Size([1, 3, 268, 400])
2024-04-19 16:50:56,126 - root - INFO - n02398521_6453.jpg:torch.Size([1, 3, 300, 400])
2024-04-19 16:50:56,126 - root - INFO - n02398521_67406.jpg:torch.Size([1, 3, 267, 400])
2024-04-19 16:50:56,126 - root - INFO - n02398521_73284.jpg:torch.Size([1, 3, 400, 267])
2024-04-19 16:50:56,126 - root - INFO - n02398521_10187.jpg:torch.Size([1, 3, 267, 400])
2024-04-19 16:50:56,126 - root - INFO - n01641577_237.jpg:torch.Size([1, 3, 300, 400])
2024-04-19 16:50:56,126 - root - INFO - n01641577_3110.jpg:torch.Size([1, 3, 300, 400])
2024-04-19 16:50:56,126 - root - INFO - n01641577_5610.jpg:torch.Size([1, 3, 296, 400])
2024-04-19 16:50:56,126 - root - INFO - n01641577_6211.jpg:torch.Size([1, 3, 300, 400])
2024-04-19 16:50:56,126 - root - INFO - n01641577_7454.jpg:torch.Size([1, 3, 268, 400])
2024-04-19 16:50:56,126 - root - INFO - n01641577_756.jpg:torch.Size([1, 3, 300, 400])
2024-04-19 16:50:56,126 - root - INFO - n01641577_7699.jpg:torch.Size([1, 3, 400, 303])
2024-04-19 16:50:56,126 - root - INFO - n01641577_11587.jpg:torch.Size([1, 3, 300, 400])
2024-04-19 16:50:56,126 - root - INFO - n01641577_15628.jpg:torch.Size([1, 3, 267, 400])
2024-04-19 16:50:56,126 - root - INFO - n01641577_16074.jpg:torch.Size([1, 3, 300, 400])
2024-04-19 16:50:56,126 - root - INFO - n01641577_168.jpg:torch.Size([1, 3, 289, 400])
2024-04-19 16:50:56,126 - root - INFO - n01641577_16848.jpg:torch.Size([1, 3, 267, 400])
2024-04-19 16:50:56,126 - root - INFO - n02165456_3602.jpg:torch.Size([1, 3, 400, 400])
2024-04-19 16:50:56,127 - root - INFO - n02165456_3633.jpg:torch.Size([1, 3, 400, 312])
2024-04-19 16:50:56,127 - root - INFO - n02165456_3869.jpg:torch.Size([1, 3, 301, 400])
2024-04-19 16:50:56,127 - root - INFO - n02165456_42085.jpg:torch.Size([1, 3, 320, 400])
2024-04-19 16:50:56,127 - root - INFO - n02165456_441.jpg:torch.Size([1, 3, 266, 400])
2024-04-19 16:50:56,127 - root - INFO - n02165456_4506.jpg:torch.Size([1, 3, 225, 400])
2024-04-19 16:50:56,127 - root - INFO - n02165456_4770.jpg:torch.Size([1, 3, 400, 300])
2024-04-19 16:50:56,127 - root - INFO - n02165456_4922.jpg:torch.Size([1, 3, 268, 400])
2024-04-19 16:50:56,127 - root - INFO - n02165456_4961.jpg:torch.Size([1, 3, 300, 400])
2024-04-19 16:50:56,127 - root - INFO - n02165456_5120.jpg:torch.Size([1, 3, 300, 400])
2024-04-19 16:50:56,127 - root - INFO - n02165456_5340.jpg:torch.Size([1, 3, 300, 400])
2024-04-19 16:50:56,127 - root - INFO - n02165456_5399.jpg:torch.Size([1, 3, 300, 400])
2024-04-19 16:50:56,127 - root - INFO - n02165456_5574.jpg:torch.Size([1, 3, 308, 400])
2024-04-19 16:50:56,127 - root - INFO - n02165456_5732.jpg:torch.Size([1, 3, 300, 400])
2024-04-19 16:50:56,127 - root - INFO - n02165456_11220.jpg:torch.Size([1, 3, 267, 400])
2024-04-19 16:50:56,127 - root - INFO - n02165456_11619.jpg:torch.Size([1, 3, 284, 400])
2024-04-19 16:50:56,127 - root - INFO - n02165456_14272.jpg:torch.Size([1, 3, 267, 400])
2024-04-19 16:50:56,127 - root - INFO - n02165456_1603.jpg:torch.Size([1, 3, 400, 391])
2024-04-19 16:50:56,127 - root - INFO - n02165456_16199.jpg:torch.Size([1, 3, 300, 400])
2024-04-19 16:50:56,127 - root - INFO - n02165456_16339.jpg:torch.Size([1, 3, 300, 400])
2024-04-19 16:50:56,127 - root - INFO - n02165456_16746.jpg:torch.Size([1, 3, 400, 392])
2024-04-19 16:50:56,127 - root - INFO - n02165456_1720.jpg:torch.Size([1, 3, 268, 400])
2024-04-19 16:50:56,127 - root - INFO - n02165456_17922.jpg:torch.Size([1, 3, 331, 400])
2024-04-19 16:50:56,127 - root - INFO - n02165456_18280.jpg:torch.Size([1, 3, 268, 400])
2024-04-19 16:50:56,127 - root - INFO - n02165456_18706.jpg:torch.Size([1, 3, 300, 400])
2024-04-19 16:50:56,128 - root - INFO - n02165456_18978.jpg:torch.Size([1, 3, 267, 400])
2024-04-19 16:50:56,128 - root - INFO - n02165456_18991.jpg:torch.Size([1, 3, 300, 400])
2024-04-19 16:50:56,128 - root - INFO - n02165456_19728.jpg:torch.Size([1, 3, 300, 400])
2024-04-19 16:50:56,128 - root - INFO - n02165456_19822.jpg:torch.Size([1, 3, 248, 400])
2024-04-19 16:50:56,128 - root - INFO - n02165456_19990.jpg:torch.Size([1, 3, 301, 400])
2024-04-19 16:50:56,128 - root - INFO - n02165456_20335.jpg:torch.Size([1, 3, 267, 400])
2024-04-19 16:50:56,128 - root - INFO - n02165456_20619.jpg:torch.Size([1, 3, 295, 400])
2024-04-19 16:50:56,128 - root - INFO - n02165456_20706.jpg:torch.Size([1, 3, 400, 301])
2024-04-19 16:50:56,128 - root - INFO - n02165456_20996.jpg:torch.Size([1, 3, 400, 300])
2024-04-19 16:50:56,128 - root - INFO - n02165456_21312.jpg:torch.Size([1, 3, 280, 400])
2024-04-19 16:50:56,128 - root - INFO - n02165456_2342.jpg:torch.Size([1, 3, 267, 400])
2024-04-19 16:50:56,128 - root - INFO - n02165456_2378.jpg:torch.Size([1, 3, 400, 283])
2024-04-19 16:50:56,128 - root - INFO - n02165456_2456.jpg:torch.Size([1, 3, 268, 400])
2024-04-19 16:50:56,128 - root - INFO - n01531178_21267.jpg:torch.Size([1, 3, 267, 400])
2024-04-19 16:50:56,128 - root - INFO - n01531178_21482.jpg:torch.Size([1, 3, 267, 400])
2024-04-19 16:50:56,128 - root - INFO - n01531178_23889.jpg:torch.Size([1, 3, 267, 400])
2024-04-19 16:50:56,128 - root - INFO - n01531178_3231.jpg:torch.Size([1, 3, 400, 384])
2024-04-19 16:50:56,128 - root - INFO - n01531178_5469.jpg:torch.Size([1, 3, 276, 400])
2024-04-19 16:50:56,128 - root - INFO - n01531178_13924.jpg:torch.Size([1, 3, 300, 400])
2024-04-19 16:50:56,128 - root - INFO - n01531178_14959.jpg:torch.Size([1, 3, 300, 400])
2024-04-19 16:50:56,128 - root - INFO - n01531178_18952.jpg:torch.Size([1, 3, 267, 400])
2024-04-19 16:50:56,128 - root - INFO - n01531178_19945.jpg:torch.Size([1, 3, 300, 400])
2024-04-19 16:50:56,128 - root - INFO - Initialzing gpu...
2024-04-19 16:50:56,129 - root - INFO - Initialzing G...
2024-04-19 16:51:39,114 - root - INFO - [START TRAINING]
2024-04-19,16:51:39
==========================================================================================
2024-04-19 16:51:39,114 - root - INFO - {'ICSS_DIR': 'AIC', 'debug': False, 'output_dir': 'output_dir/SC/animals_100_0', 'mode': 'train', 'seed': 1, 'use_gpu': True, 'gpu_balanced': False, 'resume': False, 'ckpt_path': '', 'general_level': 0, 'imgset_name': 'animals_100_0', 'LAST_IMGSET_NAME': '', 'root_output_dir': 'output_dir/SC', 'total_iteration': 50, 'check_period': 1, 'save_best_output': True, 'save_ckpt': False, 'sample_num': 1000, 'optim': 'Adam', 'lr': 0.0001, 'momentum': 0.0, 'weight_decay': 0.0, 'extractor_name': 'ResNet50', 'pretrained': True, 'freeze_embedding': False, 'semantic_dim': 2048, 'ar_dim': 128, 'w_dim': 4, 'h_dim': 4, 'info_dim': 128, 'fusion_name': 'SelfAttention', 'fusion_plus_name': '', 'hidden_dim': 1024, 'da': 512, 'r': 2, 'HV_classifier_name': 'HV_FC', 'LR_classifier_name': 'LR_FC', 'NNP': 'Euclidean', 'W': 900, 'H': 600, 'reward_names': ['crop_ratio_reward', 'size_vanish_reward'], 'metric_names': ['crop_ratio', 'aspect_ratio_preservation', 'blankspace_ratio', 'overlap_ratio', 'saliency_awareness', 'correlation_preservation', 'size_vanish', 'aesthetics_awareness'], 'crop_weight': 1, 'aesthetics_weight': 0.05, 'gpu_ids': '0'}
2024-04-19 16:51:39,114 - root - INFO - loading data...
2024-04-19 16:51:39,345 - root - INFO - n01667778_698.jpg:torch.Size([1, 3, 300, 400])
2024-04-19 16:51:39,345 - root - INFO - n01667778_9327.jpg:torch.Size([1, 3, 267, 400])
2024-04-19 16:51:39,345 - root - INFO - n01667778_11203.jpg:torch.Size([1, 3, 300, 400])
2024-04-19 16:51:39,345 - root - INFO - n01667778_11564.jpg:torch.Size([1, 3, 286, 400])
2024-04-19 16:51:39,345 - root - INFO - n01667778_1354.jpg:torch.Size([1, 3, 308, 400])
2024-04-19 16:51:39,345 - root - INFO - n01667778_1755.jpg:torch.Size([1, 3, 285, 400])
2024-04-19 16:51:39,345 - root - INFO - n01667778_2324.jpg:torch.Size([1, 3, 291, 400])
2024-04-19 16:51:39,345 - root - INFO - n01667778_3049.jpg:torch.Size([1, 3, 287, 400])
2024-04-19 16:51:39,345 - root - INFO - n01667778_4208.jpg:torch.Size([1, 3, 268, 400])
2024-04-19 16:51:39,345 - root - INFO - n01944390_7933.jpg:torch.Size([1, 3, 300, 400])
2024-04-19 16:51:39,346 - root - INFO - n01944390_10448.jpg:torch.Size([1, 3, 267, 400])
2024-04-19 16:51:39,346 - root - INFO - n01944390_10825.jpg:torch.Size([1, 3, 400, 350])
2024-04-19 16:51:39,346 - root - INFO - n01944390_11561.jpg:torch.Size([1, 3, 400, 267])
2024-04-19 16:51:39,346 - root - INFO - n01944390_11831.jpg:torch.Size([1, 3, 310, 400])
2024-04-19 16:51:39,346 - root - INFO - n01944390_11899.jpg:torch.Size([1, 3, 267, 400])
2024-04-19 16:51:39,346 - root - INFO - n01944390_12124.jpg:torch.Size([1, 3, 400, 266])
2024-04-19 16:51:39,346 - root - INFO - n01944390_2025.jpg:torch.Size([1, 3, 300, 400])
2024-04-19 16:51:39,346 - root - INFO - n01944390_20373.jpg:torch.Size([1, 3, 300, 400])
2024-04-19 16:51:39,346 - root - INFO - n01944390_2063.jpg:torch.Size([1, 3, 300, 400])
2024-04-19 16:51:39,346 - root - INFO - n01944390_23606.jpg:torch.Size([1, 3, 267, 400])
2024-04-19 16:51:39,346 - root - INFO - n01944390_247.jpg:torch.Size([1, 3, 267, 400])
2024-04-19 16:51:39,346 - root - INFO - n01944390_2575.jpg:torch.Size([1, 3, 205, 400])
2024-04-19 16:51:39,346 - root - INFO - n01944390_4141.jpg:torch.Size([1, 3, 300, 400])
2024-04-19 16:51:39,346 - root - INFO - n01944390_482.jpg:torch.Size([1, 3, 303, 400])
2024-04-19 16:51:39,347 - root - INFO - n01944390_5294.jpg:torch.Size([1, 3, 291, 400])
2024-04-19 16:51:39,347 - root - INFO - n01944390_6942.jpg:torch.Size([1, 3, 301, 400])
2024-04-19 16:51:39,347 - root - INFO - n02398521_11492.jpg:torch.Size([1, 3, 268, 400])
2024-04-19 16:51:39,347 - root - INFO - n02398521_1597.jpg:torch.Size([1, 3, 300, 400])
2024-04-19 16:51:39,347 - root - INFO - n02398521_21050.jpg:torch.Size([1, 3, 267, 400])
2024-04-19 16:51:39,347 - root - INFO - n02398521_24663.jpg:torch.Size([1, 3, 390, 400])
2024-04-19 16:51:39,347 - root - INFO - n02398521_25644.jpg:torch.Size([1, 3, 267, 400])
2024-04-19 16:51:39,347 - root - INFO - n02398521_28727.jpg:torch.Size([1, 3, 300, 400])
2024-04-19 16:51:39,347 - root - INFO - n02398521_30451.jpg:torch.Size([1, 3, 300, 400])
2024-04-19 16:51:39,347 - root - INFO - n02398521_31039.jpg:torch.Size([1, 3, 300, 400])
2024-04-19 16:51:39,347 - root - INFO - n02398521_32115.jpg:torch.Size([1, 3, 267, 400])
2024-04-19 16:51:39,347 - root - INFO - n02398521_56502.jpg:torch.Size([1, 3, 267, 400])
2024-04-19 16:51:39,347 - root - INFO - n02398521_57223.jpg:torch.Size([1, 3, 268, 400])
2024-04-19 16:51:39,347 - root - INFO - n02398521_6453.jpg:torch.Size([1, 3, 300, 400])
2024-04-19 16:51:39,347 - root - INFO - n02398521_67406.jpg:torch.Size([1, 3, 267, 400])
2024-04-19 16:51:39,347 - root - INFO - n02398521_73284.jpg:torch.Size([1, 3, 400, 267])
2024-04-19 16:51:39,347 - root - INFO - n02398521_10187.jpg:torch.Size([1, 3, 267, 400])
2024-04-19 16:51:39,347 - root - INFO - n01641577_237.jpg:torch.Size([1, 3, 300, 400])
2024-04-19 16:51:39,347 - root - INFO - n01641577_3110.jpg:torch.Size([1, 3, 300, 400])
2024-04-19 16:51:39,347 - root - INFO - n01641577_5610.jpg:torch.Size([1, 3, 296, 400])
2024-04-19 16:51:39,347 - root - INFO - n01641577_6211.jpg:torch.Size([1, 3, 300, 400])
2024-04-19 16:51:39,348 - root - INFO - n01641577_7454.jpg:torch.Size([1, 3, 268, 400])
2024-04-19 16:51:39,348 - root - INFO - n01641577_756.jpg:torch.Size([1, 3, 300, 400])
2024-04-19 16:51:39,348 - root - INFO - n01641577_7699.jpg:torch.Size([1, 3, 400, 303])
2024-04-19 16:51:39,348 - root - INFO - n01641577_11587.jpg:torch.Size([1, 3, 300, 400])
2024-04-19 16:51:39,348 - root - INFO - n01641577_15628.jpg:torch.Size([1, 3, 267, 400])
2024-04-19 16:51:39,348 - root - INFO - n01641577_16074.jpg:torch.Size([1, 3, 300, 400])
2024-04-19 16:51:39,348 - root - INFO - n01641577_168.jpg:torch.Size([1, 3, 289, 400])
2024-04-19 16:51:39,348 - root - INFO - n01641577_16848.jpg:torch.Size([1, 3, 267, 400])
2024-04-19 16:51:39,348 - root - INFO - n02165456_3602.jpg:torch.Size([1, 3, 400, 400])
2024-04-19 16:51:39,348 - root - INFO - n02165456_3633.jpg:torch.Size([1, 3, 400, 312])
2024-04-19 16:51:39,348 - root - INFO - n02165456_3869.jpg:torch.Size([1, 3, 301, 400])
2024-04-19 16:51:39,348 - root - INFO - n02165456_42085.jpg:torch.Size([1, 3, 320, 400])
2024-04-19 16:51:39,348 - root - INFO - n02165456_441.jpg:torch.Size([1, 3, 266, 400])
2024-04-19 16:51:39,348 - root - INFO - n02165456_4506.jpg:torch.Size([1, 3, 225, 400])
2024-04-19 16:51:39,348 - root - INFO - n02165456_4770.jpg:torch.Size([1, 3, 400, 300])
2024-04-19 16:51:39,348 - root - INFO - n02165456_4922.jpg:torch.Size([1, 3, 268, 400])
2024-04-19 16:51:39,348 - root - INFO - n02165456_4961.jpg:torch.Size([1, 3, 300, 400])
2024-04-19 16:51:39,348 - root - INFO - n02165456_5120.jpg:torch.Size([1, 3, 300, 400])
2024-04-19 16:51:39,348 - root - INFO - n02165456_5340.jpg:torch.Size([1, 3, 300, 400])
2024-04-19 16:51:39,348 - root - INFO - n02165456_5399.jpg:torch.Size([1, 3, 300, 400])
2024-04-19 16:51:39,348 - root - INFO - n02165456_5574.jpg:torch.Size([1, 3, 308, 400])
2024-04-19 16:51:39,348 - root - INFO - n02165456_5732.jpg:torch.Size([1, 3, 300, 400])
2024-04-19 16:51:39,349 - root - INFO - n02165456_11220.jpg:torch.Size([1, 3, 267, 400])
2024-04-19 16:51:39,349 - root - INFO - n02165456_11619.jpg:torch.Size([1, 3, 284, 400])
2024-04-19 16:51:39,349 - root - INFO - n02165456_14272.jpg:torch.Size([1, 3, 267, 400])
2024-04-19 16:51:39,349 - root - INFO - n02165456_1603.jpg:torch.Size([1, 3, 400, 391])
2024-04-19 16:51:39,349 - root - INFO - n02165456_16199.jpg:torch.Size([1, 3, 300, 400])
2024-04-19 16:51:39,349 - root - INFO - n02165456_16339.jpg:torch.Size([1, 3, 300, 400])
2024-04-19 16:51:39,349 - root - INFO - n02165456_16746.jpg:torch.Size([1, 3, 400, 392])
2024-04-19 16:51:39,349 - root - INFO - n02165456_1720.jpg:torch.Size([1, 3, 268, 400])
2024-04-19 16:51:39,349 - root - INFO - n02165456_17922.jpg:torch.Size([1, 3, 331, 400])
2024-04-19 16:51:39,349 - root - INFO - n02165456_18280.jpg:torch.Size([1, 3, 268, 400])
2024-04-19 16:51:39,349 - root - INFO - n02165456_18706.jpg:torch.Size([1, 3, 300, 400])
2024-04-19 16:51:39,349 - root - INFO - n02165456_18978.jpg:torch.Size([1, 3, 267, 400])
2024-04-19 16:51:39,349 - root - INFO - n02165456_18991.jpg:torch.Size([1, 3, 300, 400])
2024-04-19 16:51:39,349 - root - INFO - n02165456_19728.jpg:torch.Size([1, 3, 300, 400])
2024-04-19 16:51:39,349 - root - INFO - n02165456_19822.jpg:torch.Size([1, 3, 248, 400])
2024-04-19 16:51:39,349 - root - INFO - n02165456_19990.jpg:torch.Size([1, 3, 301, 400])
2024-04-19 16:51:39,349 - root - INFO - n02165456_20335.jpg:torch.Size([1, 3, 267, 400])
2024-04-19 16:51:39,349 - root - INFO - n02165456_20619.jpg:torch.Size([1, 3, 295, 400])
2024-04-19 16:51:39,349 - root - INFO - n02165456_20706.jpg:torch.Size([1, 3, 400, 301])
2024-04-19 16:51:39,349 - root - INFO - n02165456_20996.jpg:torch.Size([1, 3, 400, 300])
2024-04-19 16:51:39,349 - root - INFO - n02165456_21312.jpg:torch.Size([1, 3, 280, 400])
2024-04-19 16:51:39,349 - root - INFO - n02165456_2342.jpg:torch.Size([1, 3, 267, 400])
2024-04-19 16:51:39,350 - root - INFO - n02165456_2378.jpg:torch.Size([1, 3, 400, 283])
2024-04-19 16:51:39,350 - root - INFO - n02165456_2456.jpg:torch.Size([1, 3, 268, 400])
2024-04-19 16:51:39,350 - root - INFO - n01531178_21267.jpg:torch.Size([1, 3, 267, 400])
2024-04-19 16:51:39,350 - root - INFO - n01531178_21482.jpg:torch.Size([1, 3, 267, 400])
2024-04-19 16:51:39,350 - root - INFO - n01531178_23889.jpg:torch.Size([1, 3, 267, 400])
2024-04-19 16:51:39,350 - root - INFO - n01531178_3231.jpg:torch.Size([1, 3, 400, 384])
2024-04-19 16:51:39,350 - root - INFO - n01531178_5469.jpg:torch.Size([1, 3, 276, 400])
2024-04-19 16:51:39,350 - root - INFO - n01531178_13924.jpg:torch.Size([1, 3, 300, 400])
2024-04-19 16:51:39,350 - root - INFO - n01531178_14959.jpg:torch.Size([1, 3, 300, 400])
2024-04-19 16:51:39,350 - root - INFO - n01531178_18952.jpg:torch.Size([1, 3, 267, 400])
2024-04-19 16:51:39,350 - root - INFO - n01531178_19945.jpg:torch.Size([1, 3, 300, 400])
2024-04-19 16:51:39,350 - root - INFO - Initialzing gpu...
2024-04-19 16:51:39,350 - root - INFO - Initialzing G...
2024-04-19 16:55:11,526 - root - INFO - [START TRAINING]
2024-04-19,16:55:11
==========================================================================================
2024-04-19 16:55:11,526 - root - INFO - {'ICSS_DIR': 'AIC', 'debug': False, 'output_dir': 'output_dir/SC/animals_100_0', 'mode': 'train', 'seed': 1, 'use_gpu': True, 'gpu_balanced': False, 'resume': False, 'ckpt_path': '', 'general_level': 0, 'imgset_name': 'animals_100_0', 'LAST_IMGSET_NAME': '', 'root_output_dir': 'output_dir/SC', 'total_iteration': 50, 'check_period': 1, 'save_best_output': True, 'save_ckpt': False, 'sample_num': 1000, 'optim': 'Adam', 'lr': 0.0001, 'momentum': 0.0, 'weight_decay': 0.0, 'extractor_name': 'ResNet50', 'pretrained': True, 'freeze_embedding': False, 'semantic_dim': 2048, 'ar_dim': 128, 'w_dim': 4, 'h_dim': 4, 'info_dim': 128, 'fusion_name': 'SelfAttention', 'fusion_plus_name': '', 'hidden_dim': 1024, 'da': 512, 'r': 2, 'HV_classifier_name': 'HV_FC', 'LR_classifier_name': 'LR_FC', 'NNP': 'Euclidean', 'W': 900, 'H': 600, 'reward_names': ['crop_ratio_reward', 'size_vanish_reward'], 'metric_names': ['crop_ratio', 'aspect_ratio_preservation', 'blankspace_ratio', 'overlap_ratio', 'saliency_awareness', 'correlation_preservation', 'size_vanish', 'aesthetics_awareness'], 'crop_weight': 1, 'aesthetics_weight': 0.05, 'gpu_ids': '0'}
2024-04-19 16:55:11,526 - root - INFO - loading data...
2024-04-19 16:55:11,760 - root - INFO - n01667778_698.jpg:torch.Size([1, 3, 300, 400])
2024-04-19 16:55:11,760 - root - INFO - n01667778_9327.jpg:torch.Size([1, 3, 267, 400])
2024-04-19 16:55:11,761 - root - INFO - n01667778_11203.jpg:torch.Size([1, 3, 300, 400])
2024-04-19 16:55:11,761 - root - INFO - n01667778_11564.jpg:torch.Size([1, 3, 286, 400])
2024-04-19 16:55:11,761 - root - INFO - n01667778_1354.jpg:torch.Size([1, 3, 308, 400])
2024-04-19 16:55:11,761 - root - INFO - n01667778_1755.jpg:torch.Size([1, 3, 285, 400])
2024-04-19 16:55:11,761 - root - INFO - n01667778_2324.jpg:torch.Size([1, 3, 291, 400])
2024-04-19 16:55:11,761 - root - INFO - n01667778_3049.jpg:torch.Size([1, 3, 287, 400])
2024-04-19 16:55:11,761 - root - INFO - n01667778_4208.jpg:torch.Size([1, 3, 268, 400])
2024-04-19 16:55:11,761 - root - INFO - n01944390_7933.jpg:torch.Size([1, 3, 300, 400])
2024-04-19 16:55:11,761 - root - INFO - n01944390_10448.jpg:torch.Size([1, 3, 267, 400])
2024-04-19 16:55:11,761 - root - INFO - n01944390_10825.jpg:torch.Size([1, 3, 400, 350])
2024-04-19 16:55:11,761 - root - INFO - n01944390_11561.jpg:torch.Size([1, 3, 400, 267])
2024-04-19 16:55:11,761 - root - INFO - n01944390_11831.jpg:torch.Size([1, 3, 310, 400])
2024-04-19 16:55:11,761 - root - INFO - n01944390_11899.jpg:torch.Size([1, 3, 267, 400])
2024-04-19 16:55:11,762 - root - INFO - n01944390_12124.jpg:torch.Size([1, 3, 400, 266])
2024-04-19 16:55:11,762 - root - INFO - n01944390_2025.jpg:torch.Size([1, 3, 300, 400])
2024-04-19 16:55:11,762 - root - INFO - n01944390_20373.jpg:torch.Size([1, 3, 300, 400])
2024-04-19 16:55:11,762 - root - INFO - n01944390_2063.jpg:torch.Size([1, 3, 300, 400])
2024-04-19 16:55:11,762 - root - INFO - n01944390_23606.jpg:torch.Size([1, 3, 267, 400])
2024-04-19 16:55:11,762 - root - INFO - n01944390_247.jpg:torch.Size([1, 3, 267, 400])
2024-04-19 16:55:11,762 - root - INFO - n01944390_2575.jpg:torch.Size([1, 3, 205, 400])
2024-04-19 16:55:11,762 - root - INFO - n01944390_4141.jpg:torch.Size([1, 3, 300, 400])
2024-04-19 16:55:11,762 - root - INFO - n01944390_482.jpg:torch.Size([1, 3, 303, 400])
2024-04-19 16:55:11,762 - root - INFO - n01944390_5294.jpg:torch.Size([1, 3, 291, 400])
2024-04-19 16:55:11,762 - root - INFO - n01944390_6942.jpg:torch.Size([1, 3, 301, 400])
2024-04-19 16:55:11,762 - root - INFO - n02398521_11492.jpg:torch.Size([1, 3, 268, 400])
2024-04-19 16:55:11,762 - root - INFO - n02398521_1597.jpg:torch.Size([1, 3, 300, 400])
2024-04-19 16:55:11,762 - root - INFO - n02398521_21050.jpg:torch.Size([1, 3, 267, 400])
2024-04-19 16:55:11,762 - root - INFO - n02398521_24663.jpg:torch.Size([1, 3, 390, 400])
2024-04-19 16:55:11,762 - root - INFO - n02398521_25644.jpg:torch.Size([1, 3, 267, 400])
2024-04-19 16:55:11,763 - root - INFO - n02398521_28727.jpg:torch.Size([1, 3, 300, 400])
2024-04-19 16:55:11,763 - root - INFO - n02398521_30451.jpg:torch.Size([1, 3, 300, 400])
2024-04-19 16:55:11,763 - root - INFO - n02398521_31039.jpg:torch.Size([1, 3, 300, 400])
2024-04-19 16:55:11,763 - root - INFO - n02398521_32115.jpg:torch.Size([1, 3, 267, 400])
2024-04-19 16:55:11,763 - root - INFO - n02398521_56502.jpg:torch.Size([1, 3, 267, 400])
2024-04-19 16:55:11,763 - root - INFO - n02398521_57223.jpg:torch.Size([1, 3, 268, 400])
2024-04-19 16:55:11,763 - root - INFO - n02398521_6453.jpg:torch.Size([1, 3, 300, 400])
2024-04-19 16:55:11,763 - root - INFO - n02398521_67406.jpg:torch.Size([1, 3, 267, 400])
2024-04-19 16:55:11,763 - root - INFO - n02398521_73284.jpg:torch.Size([1, 3, 400, 267])
2024-04-19 16:55:11,763 - root - INFO - n02398521_10187.jpg:torch.Size([1, 3, 267, 400])
2024-04-19 16:55:11,763 - root - INFO - n01641577_237.jpg:torch.Size([1, 3, 300, 400])
2024-04-19 16:55:11,763 - root - INFO - n01641577_3110.jpg:torch.Size([1, 3, 300, 400])
2024-04-19 16:55:11,763 - root - INFO - n01641577_5610.jpg:torch.Size([1, 3, 296, 400])
2024-04-19 16:55:11,763 - root - INFO - n01641577_6211.jpg:torch.Size([1, 3, 300, 400])
2024-04-19 16:55:11,763 - root - INFO - n01641577_7454.jpg:torch.Size([1, 3, 268, 400])
2024-04-19 16:55:11,763 - root - INFO - n01641577_756.jpg:torch.Size([1, 3, 300, 400])
2024-04-19 16:55:11,763 - root - INFO - n01641577_7699.jpg:torch.Size([1, 3, 400, 303])
2024-04-19 16:55:11,763 - root - INFO - n01641577_11587.jpg:torch.Size([1, 3, 300, 400])
2024-04-19 16:55:11,763 - root - INFO - n01641577_15628.jpg:torch.Size([1, 3, 267, 400])
2024-04-19 16:55:11,763 - root - INFO - n01641577_16074.jpg:torch.Size([1, 3, 300, 400])
2024-04-19 16:55:11,763 - root - INFO - n01641577_168.jpg:torch.Size([1, 3, 289, 400])
2024-04-19 16:55:11,764 - root - INFO - n01641577_16848.jpg:torch.Size([1, 3, 267, 400])
2024-04-19 16:55:11,764 - root - INFO - n02165456_3602.jpg:torch.Size([1, 3, 400, 400])
2024-04-19 16:55:11,764 - root - INFO - n02165456_3633.jpg:torch.Size([1, 3, 400, 312])
2024-04-19 16:55:11,764 - root - INFO - n02165456_3869.jpg:torch.Size([1, 3, 301, 400])
2024-04-19 16:55:11,764 - root - INFO - n02165456_42085.jpg:torch.Size([1, 3, 320, 400])
2024-04-19 16:55:11,764 - root - INFO - n02165456_441.jpg:torch.Size([1, 3, 266, 400])
2024-04-19 16:55:11,764 - root - INFO - n02165456_4506.jpg:torch.Size([1, 3, 225, 400])
2024-04-19 16:55:11,764 - root - INFO - n02165456_4770.jpg:torch.Size([1, 3, 400, 300])
2024-04-19 16:55:11,764 - root - INFO - n02165456_4922.jpg:torch.Size([1, 3, 268, 400])
2024-04-19 16:55:11,764 - root - INFO - n02165456_4961.jpg:torch.Size([1, 3, 300, 400])
2024-04-19 16:55:11,764 - root - INFO - n02165456_5120.jpg:torch.Size([1, 3, 300, 400])
2024-04-19 16:55:11,764 - root - INFO - n02165456_5340.jpg:torch.Size([1, 3, 300, 400])
2024-04-19 16:55:11,764 - root - INFO - n02165456_5399.jpg:torch.Size([1, 3, 300, 400])
2024-04-19 16:55:11,764 - root - INFO - n02165456_5574.jpg:torch.Size([1, 3, 308, 400])
2024-04-19 16:55:11,764 - root - INFO - n02165456_5732.jpg:torch.Size([1, 3, 300, 400])
2024-04-19 16:55:11,764 - root - INFO - n02165456_11220.jpg:torch.Size([1, 3, 267, 400])
2024-04-19 16:55:11,764 - root - INFO - n02165456_11619.jpg:torch.Size([1, 3, 284, 400])
2024-04-19 16:55:11,764 - root - INFO - n02165456_14272.jpg:torch.Size([1, 3, 267, 400])
2024-04-19 16:55:11,764 - root - INFO - n02165456_1603.jpg:torch.Size([1, 3, 400, 391])
2024-04-19 16:55:11,764 - root - INFO - n02165456_16199.jpg:torch.Size([1, 3, 300, 400])
2024-04-19 16:55:11,764 - root - INFO - n02165456_16339.jpg:torch.Size([1, 3, 300, 400])
2024-04-19 16:55:11,764 - root - INFO - n02165456_16746.jpg:torch.Size([1, 3, 400, 392])
2024-04-19 16:55:11,765 - root - INFO - n02165456_1720.jpg:torch.Size([1, 3, 268, 400])
2024-04-19 16:55:11,765 - root - INFO - n02165456_17922.jpg:torch.Size([1, 3, 331, 400])
2024-04-19 16:55:11,765 - root - INFO - n02165456_18280.jpg:torch.Size([1, 3, 268, 400])
2024-04-19 16:55:11,765 - root - INFO - n02165456_18706.jpg:torch.Size([1, 3, 300, 400])
2024-04-19 16:55:11,765 - root - INFO - n02165456_18978.jpg:torch.Size([1, 3, 267, 400])
2024-04-19 16:55:11,765 - root - INFO - n02165456_18991.jpg:torch.Size([1, 3, 300, 400])
2024-04-19 16:55:11,765 - root - INFO - n02165456_19728.jpg:torch.Size([1, 3, 300, 400])
2024-04-19 16:55:11,765 - root - INFO - n02165456_19822.jpg:torch.Size([1, 3, 248, 400])
2024-04-19 16:55:11,765 - root - INFO - n02165456_19990.jpg:torch.Size([1, 3, 301, 400])
2024-04-19 16:55:11,765 - root - INFO - n02165456_20335.jpg:torch.Size([1, 3, 267, 400])
2024-04-19 16:55:11,765 - root - INFO - n02165456_20619.jpg:torch.Size([1, 3, 295, 400])
2024-04-19 16:55:11,765 - root - INFO - n02165456_20706.jpg:torch.Size([1, 3, 400, 301])
2024-04-19 16:55:11,765 - root - INFO - n02165456_20996.jpg:torch.Size([1, 3, 400, 300])
2024-04-19 16:55:11,765 - root - INFO - n02165456_21312.jpg:torch.Size([1, 3, 280, 400])
2024-04-19 16:55:11,765 - root - INFO - n02165456_2342.jpg:torch.Size([1, 3, 267, 400])
2024-04-19 16:55:11,765 - root - INFO - n02165456_2378.jpg:torch.Size([1, 3, 400, 283])
2024-04-19 16:55:11,765 - root - INFO - n02165456_2456.jpg:torch.Size([1, 3, 268, 400])
2024-04-19 16:55:11,765 - root - INFO - n01531178_21267.jpg:torch.Size([1, 3, 267, 400])
2024-04-19 16:55:11,765 - root - INFO - n01531178_21482.jpg:torch.Size([1, 3, 267, 400])
2024-04-19 16:55:11,765 - root - INFO - n01531178_23889.jpg:torch.Size([1, 3, 267, 400])
2024-04-19 16:55:11,765 - root - INFO - n01531178_3231.jpg:torch.Size([1, 3, 400, 384])
2024-04-19 16:55:11,765 - root - INFO - n01531178_5469.jpg:torch.Size([1, 3, 276, 400])
2024-04-19 16:55:11,766 - root - INFO - n01531178_13924.jpg:torch.Size([1, 3, 300, 400])
2024-04-19 16:55:11,766 - root - INFO - n01531178_14959.jpg:torch.Size([1, 3, 300, 400])
2024-04-19 16:55:11,766 - root - INFO - n01531178_18952.jpg:torch.Size([1, 3, 267, 400])
2024-04-19 16:55:11,766 - root - INFO - n01531178_19945.jpg:torch.Size([1, 3, 300, 400])
2024-04-19 16:55:11,766 - root - INFO - Initialzing gpu...
2024-04-19 16:55:11,766 - root - INFO - Initialzing G...
2024-04-19 16:56:28,749 - root - INFO - [START TRAINING]
2024-04-19,16:56:28
==========================================================================================
2024-04-19 16:56:28,750 - root - INFO - {'ICSS_DIR': 'AIC', 'debug': False, 'output_dir': 'output_dir/SC/animals_100_0', 'mode': 'train', 'seed': 1, 'use_gpu': True, 'gpu_balanced': False, 'resume': False, 'ckpt_path': '', 'general_level': 0, 'imgset_name': 'animals_100_0', 'LAST_IMGSET_NAME': '', 'root_output_dir': 'output_dir/SC', 'total_iteration': 50, 'check_period': 1, 'save_best_output': True, 'save_ckpt': False, 'sample_num': 1000, 'optim': 'Adam', 'lr': 0.0001, 'momentum': 0.0, 'weight_decay': 0.0, 'extractor_name': 'ResNet50', 'pretrained': True, 'freeze_embedding': False, 'semantic_dim': 2048, 'ar_dim': 128, 'w_dim': 4, 'h_dim': 4, 'info_dim': 128, 'fusion_name': 'SelfAttention', 'fusion_plus_name': '', 'hidden_dim': 1024, 'da': 512, 'r': 2, 'HV_classifier_name': 'HV_FC', 'LR_classifier_name': 'LR_FC', 'NNP': 'Euclidean', 'W': 900, 'H': 600, 'reward_names': ['crop_ratio_reward', 'size_vanish_reward'], 'metric_names': ['crop_ratio', 'aspect_ratio_preservation', 'blankspace_ratio', 'overlap_ratio', 'saliency_awareness', 'correlation_preservation', 'size_vanish', 'aesthetics_awareness'], 'crop_weight': 1, 'aesthetics_weight': 0.05, 'gpu_ids': '0,1,2,3,4,5,6,7'}
2024-04-19 16:56:28,750 - root - INFO - loading data...
2024-04-19 16:56:28,980 - root - INFO - n01667778_698.jpg:torch.Size([1, 3, 300, 400])
2024-04-19 16:56:28,981 - root - INFO - n01667778_9327.jpg:torch.Size([1, 3, 267, 400])
2024-04-19 16:56:28,981 - root - INFO - n01667778_11203.jpg:torch.Size([1, 3, 300, 400])
2024-04-19 16:56:28,981 - root - INFO - n01667778_11564.jpg:torch.Size([1, 3, 286, 400])
2024-04-19 16:56:28,981 - root - INFO - n01667778_1354.jpg:torch.Size([1, 3, 308, 400])
2024-04-19 16:56:28,981 - root - INFO - n01667778_1755.jpg:torch.Size([1, 3, 285, 400])
2024-04-19 16:56:28,981 - root - INFO - n01667778_2324.jpg:torch.Size([1, 3, 291, 400])
2024-04-19 16:56:28,981 - root - INFO - n01667778_3049.jpg:torch.Size([1, 3, 287, 400])
2024-04-19 16:56:28,981 - root - INFO - n01667778_4208.jpg:torch.Size([1, 3, 268, 400])
2024-04-19 16:56:28,981 - root - INFO - n01944390_7933.jpg:torch.Size([1, 3, 300, 400])
2024-04-19 16:56:28,981 - root - INFO - n01944390_10448.jpg:torch.Size([1, 3, 267, 400])
2024-04-19 16:56:28,981 - root - INFO - n01944390_10825.jpg:torch.Size([1, 3, 400, 350])
2024-04-19 16:56:28,981 - root - INFO - n01944390_11561.jpg:torch.Size([1, 3, 400, 267])
2024-04-19 16:56:28,982 - root - INFO - n01944390_11831.jpg:torch.Size([1, 3, 310, 400])
2024-04-19 16:56:28,982 - root - INFO - n01944390_11899.jpg:torch.Size([1, 3, 267, 400])
2024-04-19 16:56:28,982 - root - INFO - n01944390_12124.jpg:torch.Size([1, 3, 400, 266])
2024-04-19 16:56:28,982 - root - INFO - n01944390_2025.jpg:torch.Size([1, 3, 300, 400])
2024-04-19 16:56:28,982 - root - INFO - n01944390_20373.jpg:torch.Size([1, 3, 300, 400])
2024-04-19 16:56:28,982 - root - INFO - n01944390_2063.jpg:torch.Size([1, 3, 300, 400])
2024-04-19 16:56:28,982 - root - INFO - n01944390_23606.jpg:torch.Size([1, 3, 267, 400])
2024-04-19 16:56:28,982 - root - INFO - n01944390_247.jpg:torch.Size([1, 3, 267, 400])
2024-04-19 16:56:28,982 - root - INFO - n01944390_2575.jpg:torch.Size([1, 3, 205, 400])
2024-04-19 16:56:28,982 - root - INFO - n01944390_4141.jpg:torch.Size([1, 3, 300, 400])
2024-04-19 16:56:28,982 - root - INFO - n01944390_482.jpg:torch.Size([1, 3, 303, 400])
2024-04-19 16:56:28,982 - root - INFO - n01944390_5294.jpg:torch.Size([1, 3, 291, 400])
2024-04-19 16:56:28,982 - root - INFO - n01944390_6942.jpg:torch.Size([1, 3, 301, 400])
2024-04-19 16:56:28,982 - root - INFO - n02398521_11492.jpg:torch.Size([1, 3, 268, 400])
2024-04-19 16:56:28,982 - root - INFO - n02398521_1597.jpg:torch.Size([1, 3, 300, 400])
2024-04-19 16:56:28,983 - root - INFO - n02398521_21050.jpg:torch.Size([1, 3, 267, 400])
2024-04-19 16:56:28,983 - root - INFO - n02398521_24663.jpg:torch.Size([1, 3, 390, 400])
2024-04-19 16:56:28,983 - root - INFO - n02398521_25644.jpg:torch.Size([1, 3, 267, 400])
2024-04-19 16:56:28,983 - root - INFO - n02398521_28727.jpg:torch.Size([1, 3, 300, 400])
2024-04-19 16:56:28,983 - root - INFO - n02398521_30451.jpg:torch.Size([1, 3, 300, 400])
2024-04-19 16:56:28,983 - root - INFO - n02398521_31039.jpg:torch.Size([1, 3, 300, 400])
2024-04-19 16:56:28,983 - root - INFO - n02398521_32115.jpg:torch.Size([1, 3, 267, 400])
2024-04-19 16:56:28,983 - root - INFO - n02398521_56502.jpg:torch.Size([1, 3, 267, 400])
2024-04-19 16:56:28,983 - root - INFO - n02398521_57223.jpg:torch.Size([1, 3, 268, 400])
2024-04-19 16:56:28,983 - root - INFO - n02398521_6453.jpg:torch.Size([1, 3, 300, 400])
2024-04-19 16:56:28,983 - root - INFO - n02398521_67406.jpg:torch.Size([1, 3, 267, 400])
2024-04-19 16:56:28,983 - root - INFO - n02398521_73284.jpg:torch.Size([1, 3, 400, 267])
2024-04-19 16:56:28,983 - root - INFO - n02398521_10187.jpg:torch.Size([1, 3, 267, 400])
2024-04-19 16:56:28,983 - root - INFO - n01641577_237.jpg:torch.Size([1, 3, 300, 400])
2024-04-19 16:56:28,983 - root - INFO - n01641577_3110.jpg:torch.Size([1, 3, 300, 400])
2024-04-19 16:56:28,983 - root - INFO - n01641577_5610.jpg:torch.Size([1, 3, 296, 400])
2024-04-19 16:56:28,983 - root - INFO - n01641577_6211.jpg:torch.Size([1, 3, 300, 400])
2024-04-19 16:56:28,983 - root - INFO - n01641577_7454.jpg:torch.Size([1, 3, 268, 400])
2024-04-19 16:56:28,983 - root - INFO - n01641577_756.jpg:torch.Size([1, 3, 300, 400])
2024-04-19 16:56:28,983 - root - INFO - n01641577_7699.jpg:torch.Size([1, 3, 400, 303])
2024-04-19 16:56:28,983 - root - INFO - n01641577_11587.jpg:torch.Size([1, 3, 300, 400])
2024-04-19 16:56:28,984 - root - INFO - n01641577_15628.jpg:torch.Size([1, 3, 267, 400])
2024-04-19 16:56:28,984 - root - INFO - n01641577_16074.jpg:torch.Size([1, 3, 300, 400])
2024-04-19 16:56:28,984 - root - INFO - n01641577_168.jpg:torch.Size([1, 3, 289, 400])
2024-04-19 16:56:28,984 - root - INFO - n01641577_16848.jpg:torch.Size([1, 3, 267, 400])
2024-04-19 16:56:28,984 - root - INFO - n02165456_3602.jpg:torch.Size([1, 3, 400, 400])
2024-04-19 16:56:28,984 - root - INFO - n02165456_3633.jpg:torch.Size([1, 3, 400, 312])
2024-04-19 16:56:28,984 - root - INFO - n02165456_3869.jpg:torch.Size([1, 3, 301, 400])
2024-04-19 16:56:28,984 - root - INFO - n02165456_42085.jpg:torch.Size([1, 3, 320, 400])
2024-04-19 16:56:28,984 - root - INFO - n02165456_441.jpg:torch.Size([1, 3, 266, 400])
2024-04-19 16:56:28,984 - root - INFO - n02165456_4506.jpg:torch.Size([1, 3, 225, 400])
2024-04-19 16:56:28,984 - root - INFO - n02165456_4770.jpg:torch.Size([1, 3, 400, 300])
2024-04-19 16:56:28,984 - root - INFO - n02165456_4922.jpg:torch.Size([1, 3, 268, 400])
2024-04-19 16:56:28,984 - root - INFO - n02165456_4961.jpg:torch.Size([1, 3, 300, 400])
2024-04-19 16:56:28,984 - root - INFO - n02165456_5120.jpg:torch.Size([1, 3, 300, 400])
2024-04-19 16:56:28,984 - root - INFO - n02165456_5340.jpg:torch.Size([1, 3, 300, 400])
2024-04-19 16:56:28,984 - root - INFO - n02165456_5399.jpg:torch.Size([1, 3, 300, 400])
2024-04-19 16:56:28,984 - root - INFO - n02165456_5574.jpg:torch.Size([1, 3, 308, 400])
2024-04-19 16:56:28,984 - root - INFO - n02165456_5732.jpg:torch.Size([1, 3, 300, 400])
2024-04-19 16:56:28,984 - root - INFO - n02165456_11220.jpg:torch.Size([1, 3, 267, 400])
2024-04-19 16:56:28,984 - root - INFO - n02165456_11619.jpg:torch.Size([1, 3, 284, 400])
2024-04-19 16:56:28,984 - root - INFO - n02165456_14272.jpg:torch.Size([1, 3, 267, 400])
2024-04-19 16:56:28,985 - root - INFO - n02165456_1603.jpg:torch.Size([1, 3, 400, 391])
2024-04-19 16:56:28,985 - root - INFO - n02165456_16199.jpg:torch.Size([1, 3, 300, 400])
2024-04-19 16:56:28,985 - root - INFO - n02165456_16339.jpg:torch.Size([1, 3, 300, 400])
2024-04-19 16:56:28,985 - root - INFO - n02165456_16746.jpg:torch.Size([1, 3, 400, 392])
2024-04-19 16:56:28,985 - root - INFO - n02165456_1720.jpg:torch.Size([1, 3, 268, 400])
2024-04-19 16:56:28,985 - root - INFO - n02165456_17922.jpg:torch.Size([1, 3, 331, 400])
2024-04-19 16:56:28,985 - root - INFO - n02165456_18280.jpg:torch.Size([1, 3, 268, 400])
2024-04-19 16:56:28,985 - root - INFO - n02165456_18706.jpg:torch.Size([1, 3, 300, 400])
2024-04-19 16:56:28,985 - root - INFO - n02165456_18978.jpg:torch.Size([1, 3, 267, 400])
2024-04-19 16:56:28,985 - root - INFO - n02165456_18991.jpg:torch.Size([1, 3, 300, 400])
2024-04-19 16:56:28,985 - root - INFO - n02165456_19728.jpg:torch.Size([1, 3, 300, 400])
2024-04-19 16:56:28,985 - root - INFO - n02165456_19822.jpg:torch.Size([1, 3, 248, 400])
2024-04-19 16:56:28,985 - root - INFO - n02165456_19990.jpg:torch.Size([1, 3, 301, 400])
2024-04-19 16:56:28,985 - root - INFO - n02165456_20335.jpg:torch.Size([1, 3, 267, 400])
2024-04-19 16:56:28,985 - root - INFO - n02165456_20619.jpg:torch.Size([1, 3, 295, 400])
2024-04-19 16:56:28,985 - root - INFO - n02165456_20706.jpg:torch.Size([1, 3, 400, 301])
2024-04-19 16:56:28,985 - root - INFO - n02165456_20996.jpg:torch.Size([1, 3, 400, 300])
2024-04-19 16:56:28,985 - root - INFO - n02165456_21312.jpg:torch.Size([1, 3, 280, 400])
2024-04-19 16:56:28,985 - root - INFO - n02165456_2342.jpg:torch.Size([1, 3, 267, 400])
2024-04-19 16:56:28,985 - root - INFO - n02165456_2378.jpg:torch.Size([1, 3, 400, 283])
2024-04-19 16:56:28,985 - root - INFO - n02165456_2456.jpg:torch.Size([1, 3, 268, 400])
2024-04-19 16:56:28,986 - root - INFO - n01531178_21267.jpg:torch.Size([1, 3, 267, 400])
2024-04-19 16:56:28,986 - root - INFO - n01531178_21482.jpg:torch.Size([1, 3, 267, 400])
2024-04-19 16:56:28,986 - root - INFO - n01531178_23889.jpg:torch.Size([1, 3, 267, 400])
2024-04-19 16:56:28,986 - root - INFO - n01531178_3231.jpg:torch.Size([1, 3, 400, 384])
2024-04-19 16:56:28,986 - root - INFO - n01531178_5469.jpg:torch.Size([1, 3, 276, 400])
2024-04-19 16:56:28,986 - root - INFO - n01531178_13924.jpg:torch.Size([1, 3, 300, 400])
2024-04-19 16:56:28,986 - root - INFO - n01531178_14959.jpg:torch.Size([1, 3, 300, 400])
2024-04-19 16:56:28,986 - root - INFO - n01531178_18952.jpg:torch.Size([1, 3, 267, 400])
2024-04-19 16:56:28,986 - root - INFO - n01531178_19945.jpg:torch.Size([1, 3, 300, 400])
2024-04-19 16:56:28,986 - root - INFO - Initialzing gpu...
2024-04-19 16:56:28,986 - root - INFO - Initialzing G...
2024-04-19 16:56:30,004 - root - INFO - Initialzing optimizer...
2024-04-19 16:56:30,006 - root - INFO - Initialzing loss and metrics...
2024-04-19 16:56:30,007 - root - INFO - start iteration...
2024-04-19 16:57:31,224 - root - INFO - [START TRAINING]
2024-04-19,16:57:31
==========================================================================================
2024-04-19 16:57:31,224 - root - INFO - {'ICSS_DIR': 'AIC', 'debug': False, 'output_dir': 'output_dir/SC/animals_100_0', 'mode': 'train', 'seed': 1, 'use_gpu': True, 'gpu_balanced': False, 'resume': False, 'ckpt_path': '', 'general_level': 0, 'imgset_name': 'animals_100_0', 'LAST_IMGSET_NAME': '', 'root_output_dir': 'output_dir/SC', 'total_iteration': 50, 'check_period': 1, 'save_best_output': True, 'save_ckpt': False, 'sample_num': 1000, 'optim': 'Adam', 'lr': 0.0001, 'momentum': 0.0, 'weight_decay': 0.0, 'extractor_name': 'ResNet50', 'pretrained': True, 'freeze_embedding': False, 'semantic_dim': 2048, 'ar_dim': 128, 'w_dim': 4, 'h_dim': 4, 'info_dim': 128, 'fusion_name': 'SelfAttention', 'fusion_plus_name': '', 'hidden_dim': 1024, 'da': 512, 'r': 2, 'HV_classifier_name': 'HV_FC', 'LR_classifier_name': 'LR_FC', 'NNP': 'Euclidean', 'W': 900, 'H': 600, 'reward_names': ['crop_ratio_reward', 'size_vanish_reward'], 'metric_names': ['crop_ratio', 'aspect_ratio_preservation', 'blankspace_ratio', 'overlap_ratio', 'saliency_awareness', 'correlation_preservation', 'size_vanish', 'aesthetics_awareness'], 'crop_weight': 1, 'aesthetics_weight': 0.05, 'gpu_ids': '0,1,2,3,4,5,6,7'}
2024-04-19 16:57:31,224 - root - INFO - loading data...
2024-04-19 16:57:31,462 - root - INFO - n01667778_698.jpg:torch.Size([1, 3, 300, 400])
2024-04-19 16:57:31,462 - root - INFO - n01667778_9327.jpg:torch.Size([1, 3, 267, 400])
2024-04-19 16:57:31,463 - root - INFO - n01667778_11203.jpg:torch.Size([1, 3, 300, 400])
2024-04-19 16:57:31,463 - root - INFO - n01667778_11564.jpg:torch.Size([1, 3, 286, 400])
2024-04-19 16:57:31,463 - root - INFO - n01667778_1354.jpg:torch.Size([1, 3, 308, 400])
2024-04-19 16:57:31,463 - root - INFO - n01667778_1755.jpg:torch.Size([1, 3, 285, 400])
2024-04-19 16:57:31,463 - root - INFO - n01667778_2324.jpg:torch.Size([1, 3, 291, 400])
2024-04-19 16:57:31,463 - root - INFO - n01667778_3049.jpg:torch.Size([1, 3, 287, 400])
2024-04-19 16:57:31,463 - root - INFO - n01667778_4208.jpg:torch.Size([1, 3, 268, 400])
2024-04-19 16:57:31,463 - root - INFO - n01944390_7933.jpg:torch.Size([1, 3, 300, 400])
2024-04-19 16:57:31,463 - root - INFO - n01944390_10448.jpg:torch.Size([1, 3, 267, 400])
2024-04-19 16:57:31,463 - root - INFO - n01944390_10825.jpg:torch.Size([1, 3, 400, 350])
2024-04-19 16:57:31,463 - root - INFO - n01944390_11561.jpg:torch.Size([1, 3, 400, 267])
2024-04-19 16:57:31,463 - root - INFO - n01944390_11831.jpg:torch.Size([1, 3, 310, 400])
2024-04-19 16:57:31,463 - root - INFO - n01944390_11899.jpg:torch.Size([1, 3, 267, 400])
2024-04-19 16:57:31,464 - root - INFO - n01944390_12124.jpg:torch.Size([1, 3, 400, 266])
2024-04-19 16:57:31,464 - root - INFO - n01944390_2025.jpg:torch.Size([1, 3, 300, 400])
2024-04-19 16:57:31,464 - root - INFO - n01944390_20373.jpg:torch.Size([1, 3, 300, 400])
2024-04-19 16:57:31,464 - root - INFO - n01944390_2063.jpg:torch.Size([1, 3, 300, 400])
2024-04-19 16:57:31,464 - root - INFO - n01944390_23606.jpg:torch.Size([1, 3, 267, 400])
2024-04-19 16:57:31,464 - root - INFO - n01944390_247.jpg:torch.Size([1, 3, 267, 400])
2024-04-19 16:57:31,464 - root - INFO - n01944390_2575.jpg:torch.Size([1, 3, 205, 400])
2024-04-19 16:57:31,464 - root - INFO - n01944390_4141.jpg:torch.Size([1, 3, 300, 400])
2024-04-19 16:57:31,464 - root - INFO - n01944390_482.jpg:torch.Size([1, 3, 303, 400])
2024-04-19 16:57:31,464 - root - INFO - n01944390_5294.jpg:torch.Size([1, 3, 291, 400])
2024-04-19 16:57:31,464 - root - INFO - n01944390_6942.jpg:torch.Size([1, 3, 301, 400])
2024-04-19 16:57:31,464 - root - INFO - n02398521_11492.jpg:torch.Size([1, 3, 268, 400])
2024-04-19 16:57:31,464 - root - INFO - n02398521_1597.jpg:torch.Size([1, 3, 300, 400])
2024-04-19 16:57:31,464 - root - INFO - n02398521_21050.jpg:torch.Size([1, 3, 267, 400])
2024-04-19 16:57:31,464 - root - INFO - n02398521_24663.jpg:torch.Size([1, 3, 390, 400])
2024-04-19 16:57:31,464 - root - INFO - n02398521_25644.jpg:torch.Size([1, 3, 267, 400])
2024-04-19 16:57:31,465 - root - INFO - n02398521_28727.jpg:torch.Size([1, 3, 300, 400])
2024-04-19 16:57:31,465 - root - INFO - n02398521_30451.jpg:torch.Size([1, 3, 300, 400])
2024-04-19 16:57:31,465 - root - INFO - n02398521_31039.jpg:torch.Size([1, 3, 300, 400])
2024-04-19 16:57:31,465 - root - INFO - n02398521_32115.jpg:torch.Size([1, 3, 267, 400])
2024-04-19 16:57:31,465 - root - INFO - n02398521_56502.jpg:torch.Size([1, 3, 267, 400])
2024-04-19 16:57:31,465 - root - INFO - n02398521_57223.jpg:torch.Size([1, 3, 268, 400])
2024-04-19 16:57:31,465 - root - INFO - n02398521_6453.jpg:torch.Size([1, 3, 300, 400])
2024-04-19 16:57:31,465 - root - INFO - n02398521_67406.jpg:torch.Size([1, 3, 267, 400])
2024-04-19 16:57:31,465 - root - INFO - n02398521_73284.jpg:torch.Size([1, 3, 400, 267])
2024-04-19 16:57:31,465 - root - INFO - n02398521_10187.jpg:torch.Size([1, 3, 267, 400])
2024-04-19 16:57:31,465 - root - INFO - n01641577_237.jpg:torch.Size([1, 3, 300, 400])
2024-04-19 16:57:31,465 - root - INFO - n01641577_3110.jpg:torch.Size([1, 3, 300, 400])
2024-04-19 16:57:31,465 - root - INFO - n01641577_5610.jpg:torch.Size([1, 3, 296, 400])
2024-04-19 16:57:31,465 - root - INFO - n01641577_6211.jpg:torch.Size([1, 3, 300, 400])
2024-04-19 16:57:31,465 - root - INFO - n01641577_7454.jpg:torch.Size([1, 3, 268, 400])
2024-04-19 16:57:31,465 - root - INFO - n01641577_756.jpg:torch.Size([1, 3, 300, 400])
2024-04-19 16:57:31,465 - root - INFO - n01641577_7699.jpg:torch.Size([1, 3, 400, 303])
2024-04-19 16:57:31,465 - root - INFO - n01641577_11587.jpg:torch.Size([1, 3, 300, 400])
2024-04-19 16:57:31,465 - root - INFO - n01641577_15628.jpg:torch.Size([1, 3, 267, 400])
2024-04-19 16:57:31,465 - root - INFO - n01641577_16074.jpg:torch.Size([1, 3, 300, 400])
2024-04-19 16:57:31,465 - root - INFO - n01641577_168.jpg:torch.Size([1, 3, 289, 400])
2024-04-19 16:57:31,465 - root - INFO - n01641577_16848.jpg:torch.Size([1, 3, 267, 400])
2024-04-19 16:57:31,466 - root - INFO - n02165456_3602.jpg:torch.Size([1, 3, 400, 400])
2024-04-19 16:57:31,466 - root - INFO - n02165456_3633.jpg:torch.Size([1, 3, 400, 312])
2024-04-19 16:57:31,466 - root - INFO - n02165456_3869.jpg:torch.Size([1, 3, 301, 400])
2024-04-19 16:57:31,466 - root - INFO - n02165456_42085.jpg:torch.Size([1, 3, 320, 400])
2024-04-19 16:57:31,466 - root - INFO - n02165456_441.jpg:torch.Size([1, 3, 266, 400])
2024-04-19 16:57:31,466 - root - INFO - n02165456_4506.jpg:torch.Size([1, 3, 225, 400])
2024-04-19 16:57:31,466 - root - INFO - n02165456_4770.jpg:torch.Size([1, 3, 400, 300])
2024-04-19 16:57:31,466 - root - INFO - n02165456_4922.jpg:torch.Size([1, 3, 268, 400])
2024-04-19 16:57:31,466 - root - INFO - n02165456_4961.jpg:torch.Size([1, 3, 300, 400])
2024-04-19 16:57:31,466 - root - INFO - n02165456_5120.jpg:torch.Size([1, 3, 300, 400])
2024-04-19 16:57:31,466 - root - INFO - n02165456_5340.jpg:torch.Size([1, 3, 300, 400])
2024-04-19 16:57:31,466 - root - INFO - n02165456_5399.jpg:torch.Size([1, 3, 300, 400])
2024-04-19 16:57:31,466 - root - INFO - n02165456_5574.jpg:torch.Size([1, 3, 308, 400])
2024-04-19 16:57:31,466 - root - INFO - n02165456_5732.jpg:torch.Size([1, 3, 300, 400])
2024-04-19 16:57:31,466 - root - INFO - n02165456_11220.jpg:torch.Size([1, 3, 267, 400])
2024-04-19 16:57:31,466 - root - INFO - n02165456_11619.jpg:torch.Size([1, 3, 284, 400])
2024-04-19 16:57:31,466 - root - INFO - n02165456_14272.jpg:torch.Size([1, 3, 267, 400])
2024-04-19 16:57:31,466 - root - INFO - n02165456_1603.jpg:torch.Size([1, 3, 400, 391])
2024-04-19 16:57:31,466 - root - INFO - n02165456_16199.jpg:torch.Size([1, 3, 300, 400])
2024-04-19 16:57:31,466 - root - INFO - n02165456_16339.jpg:torch.Size([1, 3, 300, 400])
2024-04-19 16:57:31,467 - root - INFO - n02165456_16746.jpg:torch.Size([1, 3, 400, 392])
2024-04-19 16:57:31,467 - root - INFO - n02165456_1720.jpg:torch.Size([1, 3, 268, 400])
2024-04-19 16:57:31,467 - root - INFO - n02165456_17922.jpg:torch.Size([1, 3, 331, 400])
2024-04-19 16:57:31,467 - root - INFO - n02165456_18280.jpg:torch.Size([1, 3, 268, 400])
2024-04-19 16:57:31,467 - root - INFO - n02165456_18706.jpg:torch.Size([1, 3, 300, 400])
2024-04-19 16:57:31,467 - root - INFO - n02165456_18978.jpg:torch.Size([1, 3, 267, 400])
2024-04-19 16:57:31,467 - root - INFO - n02165456_18991.jpg:torch.Size([1, 3, 300, 400])
2024-04-19 16:57:31,467 - root - INFO - n02165456_19728.jpg:torch.Size([1, 3, 300, 400])
2024-04-19 16:57:31,467 - root - INFO - n02165456_19822.jpg:torch.Size([1, 3, 248, 400])
2024-04-19 16:57:31,467 - root - INFO - n02165456_19990.jpg:torch.Size([1, 3, 301, 400])
2024-04-19 16:57:31,467 - root - INFO - n02165456_20335.jpg:torch.Size([1, 3, 267, 400])
2024-04-19 16:57:31,467 - root - INFO - n02165456_20619.jpg:torch.Size([1, 3, 295, 400])
2024-04-19 16:57:31,467 - root - INFO - n02165456_20706.jpg:torch.Size([1, 3, 400, 301])
2024-04-19 16:57:31,467 - root - INFO - n02165456_20996.jpg:torch.Size([1, 3, 400, 300])
2024-04-19 16:57:31,467 - root - INFO - n02165456_21312.jpg:torch.Size([1, 3, 280, 400])
2024-04-19 16:57:31,467 - root - INFO - n02165456_2342.jpg:torch.Size([1, 3, 267, 400])
2024-04-19 16:57:31,467 - root - INFO - n02165456_2378.jpg:torch.Size([1, 3, 400, 283])
2024-04-19 16:57:31,467 - root - INFO - n02165456_2456.jpg:torch.Size([1, 3, 268, 400])
2024-04-19 16:57:31,467 - root - INFO - n01531178_21267.jpg:torch.Size([1, 3, 267, 400])
2024-04-19 16:57:31,467 - root - INFO - n01531178_21482.jpg:torch.Size([1, 3, 267, 400])
2024-04-19 16:57:31,467 - root - INFO - n01531178_23889.jpg:torch.Size([1, 3, 267, 400])
2024-04-19 16:57:31,467 - root - INFO - n01531178_3231.jpg:torch.Size([1, 3, 400, 384])
2024-04-19 16:57:31,467 - root - INFO - n01531178_5469.jpg:torch.Size([1, 3, 276, 400])
2024-04-19 16:57:31,468 - root - INFO - n01531178_13924.jpg:torch.Size([1, 3, 300, 400])
2024-04-19 16:57:31,468 - root - INFO - n01531178_14959.jpg:torch.Size([1, 3, 300, 400])
2024-04-19 16:57:31,468 - root - INFO - n01531178_18952.jpg:torch.Size([1, 3, 267, 400])
2024-04-19 16:57:31,468 - root - INFO - n01531178_19945.jpg:torch.Size([1, 3, 300, 400])
2024-04-19 16:57:31,468 - root - INFO - Initialzing gpu...
2024-04-19 16:57:31,468 - root - INFO - Initialzing G...
2024-04-19 16:57:32,569 - root - INFO - Initialzing optimizer...
2024-04-19 16:57:32,572 - root - INFO - Initialzing loss and metrics...
2024-04-19 16:57:32,572 - root - INFO - start iteration...
